::1 - - [27/Jan/2021:15:49:46 +0000] "GET / HTTP/1.1" 200 - "-" "Mozilla/5.0 (X11; Linux x86_64) AppleWebKit/537.36 (KHTML, like Gecko) Chrome/87.0.4280.141 Safari/537.36"
::1 - - [27/Jan/2021:15:49:47 +0000] "GET /favicon.ico HTTP/1.1" 404 150 "http://localhost:3000/" "Mozilla/5.0 (X11; Linux x86_64) AppleWebKit/537.36 (KHTML, like Gecko) Chrome/87.0.4280.141 Safari/537.36"
::1 - - [27/Jan/2021:15:50:09 +0000] "GET / HTTP/1.1" 304 - "-" "Mozilla/5.0 (X11; Linux x86_64) AppleWebKit/537.36 (KHTML, like Gecko) Chrome/87.0.4280.141 Safari/537.36"
::1 - - [27/Jan/2021:15:50:11 +0000] "GET / HTTP/1.1" 304 - "-" "Mozilla/5.0 (X11; Linux x86_64) AppleWebKit/537.36 (KHTML, like Gecko) Chrome/87.0.4280.141 Safari/537.36"
::1 - - [27/Jan/2021:15:52:14 +0000] "GET / HTTP/1.1" 200 434 "-" "Mozilla/5.0 (X11; Linux x86_64) AppleWebKit/537.36 (KHTML, like Gecko) Chrome/87.0.4280.141 Safari/537.36"
::1 - - [27/Jan/2021:15:53:11 +0000] "GET / HTTP/1.1" 404 139 "-" "Mozilla/5.0 (X11; Linux x86_64) AppleWebKit/537.36 (KHTML, like Gecko) Chrome/87.0.4280.141 Safari/537.36"
::1 - - [27/Jan/2021:15:53:34 +0000] "GET / HTTP/1.1" - - "-" "Mozilla/5.0 (X11; Linux x86_64) AppleWebKit/537.36 (KHTML, like Gecko) Chrome/87.0.4280.141 Safari/537.36"
::1 - - [27/Jan/2021:15:53:35 +0000] "GET / HTTP/1.1" 200 434 "-" "Mozilla/5.0 (X11; Linux x86_64) AppleWebKit/537.36 (KHTML, like Gecko) Chrome/87.0.4280.141 Safari/537.36"
::1 - - [27/Jan/2021:15:53:45 +0000] "GET / HTTP/1.1" 304 - "-" "Mozilla/5.0 (X11; Linux x86_64) AppleWebKit/537.36 (KHTML, like Gecko) Chrome/87.0.4280.141 Safari/537.36"
::1 - - [27/Jan/2021:15:54:11 +0000] "GET / HTTP/1.1" 200 437 "-" "Mozilla/5.0 (X11; Linux x86_64) AppleWebKit/537.36 (KHTML, like Gecko) Chrome/87.0.4280.141 Safari/537.36"
::1 - - [27/Jan/2021:15:56:11 +0000] "GET / HTTP/1.1" 200 436 "-" "Mozilla/5.0 (X11; Linux x86_64) AppleWebKit/537.36 (KHTML, like Gecko) Chrome/87.0.4280.141 Safari/537.36"
::1 - - [27/Jan/2021:15:59:17 +0000] "GET / HTTP/1.1" 304 - "-" "Mozilla/5.0 (X11; Linux x86_64) AppleWebKit/537.36 (KHTML, like Gecko) Chrome/87.0.4280.141 Safari/537.36"
::1 - - [27/Jan/2021:15:59:19 +0000] "GET / HTTP/1.1" 304 - "-" "Mozilla/5.0 (X11; Linux x86_64) AppleWebKit/537.36 (KHTML, like Gecko) Chrome/87.0.4280.141 Safari/537.36"
::1 - - [27/Jan/2021:17:02:59 +0000] "GET / HTTP/1.1" 200 460 "-" "Mozilla/5.0 (X11; Linux x86_64) AppleWebKit/537.36 (KHTML, like Gecko) Chrome/87.0.4280.141 Safari/537.36"
::1 - - [27/Jan/2021:17:03:30 +0000] "GET / HTTP/1.1" 404 139 "-" "Mozilla/5.0 (X11; Linux x86_64) AppleWebKit/537.36 (KHTML, like Gecko) Chrome/87.0.4280.141 Safari/537.36"
::1 - - [27/Jan/2021:17:08:41 +0000] "GET / HTTP/1.1" 200 463 "-" "Mozilla/5.0 (X11; Linux x86_64) AppleWebKit/537.36 (KHTML, like Gecko) Chrome/87.0.4280.141 Safari/537.36"
::1 - - [27/Jan/2021:17:48:40 +0000] "GET / HTTP/1.1" 304 - "-" "Mozilla/5.0 (X11; Linux x86_64) AppleWebKit/537.36 (KHTML, like Gecko) Chrome/87.0.4280.141 Safari/537.36"
::1 - - [27/Jan/2021:18:08:59 +0000] "GET / HTTP/1.1" 404 139 "-" "Mozilla/5.0 (X11; Linux x86_64) AppleWebKit/537.36 (KHTML, like Gecko) Chrome/87.0.4280.141 Safari/537.36"
::1 - - [27/Jan/2021:18:09:25 +0000] "GET / HTTP/1.1" 200 163 "-" "Mozilla/5.0 (X11; Linux x86_64) AppleWebKit/537.36 (KHTML, like Gecko) Chrome/87.0.4280.141 Safari/537.36"
::1 - - [27/Jan/2021:18:17:44 +0000] "GET / HTTP/1.1" 404 139 "-" "Mozilla/5.0 (X11; Linux x86_64) AppleWebKit/537.36 (KHTML, like Gecko) Chrome/87.0.4280.141 Safari/537.36"
::1 - - [27/Jan/2021:18:18:02 +0000] "GET / HTTP/1.1" 404 139 "-" "Mozilla/5.0 (X11; Linux x86_64) AppleWebKit/537.36 (KHTML, like Gecko) Chrome/87.0.4280.141 Safari/537.36"
::1 - - [27/Jan/2021:18:18:20 +0000] "GET / HTTP/1.1" 404 139 "-" "Mozilla/5.0 (X11; Linux x86_64) AppleWebKit/537.36 (KHTML, like Gecko) Chrome/87.0.4280.141 Safari/537.36"
::1 - - [27/Jan/2021:18:18:39 +0000] "GET / HTTP/1.1" 500 1415 "-" "Mozilla/5.0 (X11; Linux x86_64) AppleWebKit/537.36 (KHTML, like Gecko) Chrome/87.0.4280.141 Safari/537.36"
::1 - - [27/Jan/2021:18:18:54 +0000] "GET / HTTP/1.1" 404 139 "-" "Mozilla/5.0 (X11; Linux x86_64) AppleWebKit/537.36 (KHTML, like Gecko) Chrome/87.0.4280.141 Safari/537.36"
::1 - - [27/Jan/2021:18:23:25 +0000] "GET / HTTP/1.1" 500 1415 "-" "Mozilla/5.0 (X11; Linux x86_64) AppleWebKit/537.36 (KHTML, like Gecko) Chrome/87.0.4280.141 Safari/537.36"
::1 - - [27/Jan/2021:18:24:04 +0000] "GET / HTTP/1.1" 500 1413 "-" "Mozilla/5.0 (X11; Linux x86_64) AppleWebKit/537.36 (KHTML, like Gecko) Chrome/87.0.4280.141 Safari/537.36"
::1 - - [27/Jan/2021:18:24:05 +0000] "GET / HTTP/1.1" 500 1413 "-" "Mozilla/5.0 (X11; Linux x86_64) AppleWebKit/537.36 (KHTML, like Gecko) Chrome/87.0.4280.141 Safari/537.36"
::1 - - [27/Jan/2021:18:24:06 +0000] "GET / HTTP/1.1" 500 1413 "-" "Mozilla/5.0 (X11; Linux x86_64) AppleWebKit/537.36 (KHTML, like Gecko) Chrome/87.0.4280.141 Safari/537.36"
::1 - - [27/Jan/2021:18:24:34 +0000] "GET / HTTP/1.1" 500 1413 "-" "Mozilla/5.0 (X11; Linux x86_64) AppleWebKit/537.36 (KHTML, like Gecko) Chrome/87.0.4280.141 Safari/537.36"
::1 - - [27/Jan/2021:18:25:55 +0000] "GET / HTTP/1.1" 200 1656 "-" "Mozilla/5.0 (X11; Linux x86_64) AppleWebKit/537.36 (KHTML, like Gecko) Chrome/87.0.4280.141 Safari/537.36"
::1 - - [27/Jan/2021:18:25:55 +0000] "GET /stylesheets/style.css HTTP/1.1" 200 116 "http://localhost:3000/" "Mozilla/5.0 (X11; Linux x86_64) AppleWebKit/537.36 (KHTML, like Gecko) Chrome/87.0.4280.141 Safari/537.36"
::1 - - [27/Jan/2021:18:26:01 +0000] "GET /wiki/ HTTP/1.1" 404 144 "http://localhost:3000/" "Mozilla/5.0 (X11; Linux x86_64) AppleWebKit/537.36 (KHTML, like Gecko) Chrome/87.0.4280.141 Safari/537.36"
::1 - - [27/Jan/2021:18:26:03 +0000] "GET / HTTP/1.1" 304 - "http://localhost:3000/" "Mozilla/5.0 (X11; Linux x86_64) AppleWebKit/537.36 (KHTML, like Gecko) Chrome/87.0.4280.141 Safari/537.36"
::1 - - [27/Jan/2021:18:26:03 +0000] "GET /stylesheets/style.css HTTP/1.1" 304 - "http://localhost:3000/" "Mozilla/5.0 (X11; Linux x86_64) AppleWebKit/537.36 (KHTML, like Gecko) Chrome/87.0.4280.141 Safari/537.36"
::1 - - [27/Jan/2021:18:26:35 +0000] "GET / HTTP/1.1" 200 1663 "http://localhost:3000/" "Mozilla/5.0 (X11; Linux x86_64) AppleWebKit/537.36 (KHTML, like Gecko) Chrome/87.0.4280.141 Safari/537.36"
::1 - - [27/Jan/2021:18:26:35 +0000] "GET /stylesheets/style.css HTTP/1.1" 304 - "http://localhost:3000/" "Mozilla/5.0 (X11; Linux x86_64) AppleWebKit/537.36 (KHTML, like Gecko) Chrome/87.0.4280.141 Safari/537.36"
::1 - - [27/Jan/2021:18:29:34 +0000] "GET / HTTP/1.1" 200 1656 "http://localhost:3000/" "Mozilla/5.0 (X11; Linux x86_64) AppleWebKit/537.36 (KHTML, like Gecko) Chrome/87.0.4280.141 Safari/537.36"
::1 - - [27/Jan/2021:18:29:34 +0000] "GET /stylesheets/style.css HTTP/1.1" 304 - "http://localhost:3000/" "Mozilla/5.0 (X11; Linux x86_64) AppleWebKit/537.36 (KHTML, like Gecko) Chrome/87.0.4280.141 Safari/537.36"
::1 - - [27/Jan/2021:18:29:40 +0000] "GET / HTTP/1.1" 404 139 "http://localhost:3000/" "Mozilla/5.0 (X11; Linux x86_64) AppleWebKit/537.36 (KHTML, like Gecko) Chrome/87.0.4280.141 Safari/537.36"
::1 - - [27/Jan/2021:18:30:21 +0000] "GET / HTTP/1.1" 200 1656 "http://localhost:3000/" "Mozilla/5.0 (X11; Linux x86_64) AppleWebKit/537.36 (KHTML, like Gecko) Chrome/87.0.4280.141 Safari/537.36"
::1 - - [27/Jan/2021:18:30:21 +0000] "GET /stylesheets/style.css HTTP/1.1" 304 - "http://localhost:3000/" "Mozilla/5.0 (X11; Linux x86_64) AppleWebKit/537.36 (KHTML, like Gecko) Chrome/87.0.4280.141 Safari/537.36"
::1 - - [27/Jan/2021:18:32:44 +0000] "GET / HTTP/1.1" 304 - "http://localhost:3000/" "Mozilla/5.0 (X11; Linux x86_64) AppleWebKit/537.36 (KHTML, like Gecko) Chrome/87.0.4280.141 Safari/537.36"
::1 - - [27/Jan/2021:18:32:45 +0000] "GET /stylesheets/style.css HTTP/1.1" 304 - "http://localhost:3000/" "Mozilla/5.0 (X11; Linux x86_64) AppleWebKit/537.36 (KHTML, like Gecko) Chrome/87.0.4280.141 Safari/537.36"
::1 - - [27/Jan/2021:18:41:32 +0000] "GET / HTTP/1.1" 304 - "http://localhost:3000/" "Mozilla/5.0 (X11; Linux x86_64) AppleWebKit/537.36 (KHTML, like Gecko) Chrome/87.0.4280.141 Safari/537.36"
::1 - - [27/Jan/2021:18:41:32 +0000] "GET /stylesheets/style.css HTTP/1.1" 304 - "http://localhost:3000/" "Mozilla/5.0 (X11; Linux x86_64) AppleWebKit/537.36 (KHTML, like Gecko) Chrome/87.0.4280.141 Safari/537.36"
::1 - - [27/Jan/2021:18:42:14 +0000] "GET / HTTP/1.1" 304 - "http://localhost:3000/" "Mozilla/5.0 (X11; Linux x86_64) AppleWebKit/537.36 (KHTML, like Gecko) Chrome/87.0.4280.141 Safari/537.36"
::1 - - [27/Jan/2021:18:42:14 +0000] "GET /stylesheets/style.css HTTP/1.1" 304 - "http://localhost:3000/" "Mozilla/5.0 (X11; Linux x86_64) AppleWebKit/537.36 (KHTML, like Gecko) Chrome/87.0.4280.141 Safari/537.36"
::1 - - [27/Jan/2021:18:42:33 +0000] "GET / HTTP/1.1" 304 - "http://localhost:3000/" "Mozilla/5.0 (X11; Linux x86_64) AppleWebKit/537.36 (KHTML, like Gecko) Chrome/87.0.4280.141 Safari/537.36"
::1 - - [27/Jan/2021:18:42:33 +0000] "GET /stylesheets/style.css HTTP/1.1" 304 - "http://localhost:3000/" "Mozilla/5.0 (X11; Linux x86_64) AppleWebKit/537.36 (KHTML, like Gecko) Chrome/87.0.4280.141 Safari/537.36"
::1 - - [27/Jan/2021:18:49:50 +0000] "GET / HTTP/1.1" 304 - "-" "Mozilla/5.0 (X11; Linux x86_64) AppleWebKit/537.36 (KHTML, like Gecko) Chrome/87.0.4280.141 Safari/537.36"
::1 - - [27/Jan/2021:18:49:50 +0000] "GET /stylesheets/style.css HTTP/1.1" 304 - "http://localhost:3000/" "Mozilla/5.0 (X11; Linux x86_64) AppleWebKit/537.36 (KHTML, like Gecko) Chrome/87.0.4280.141 Safari/537.36"
::1 - - [27/Jan/2021:18:50:05 +0000] "GET / HTTP/1.1" 304 - "-" "Mozilla/5.0 (X11; Linux x86_64) AppleWebKit/537.36 (KHTML, like Gecko) Chrome/87.0.4280.141 Safari/537.36"
::1 - - [27/Jan/2021:18:50:05 +0000] "GET /stylesheets/style.css HTTP/1.1" 304 - "http://localhost:3000/" "Mozilla/5.0 (X11; Linux x86_64) AppleWebKit/537.36 (KHTML, like Gecko) Chrome/87.0.4280.141 Safari/537.36"
::1 - - [27/Jan/2021:18:50:05 +0000] "GET /wiki HTTP/1.1" - - "-" "Mozilla/5.0 (X11; Linux x86_64) AppleWebKit/537.36 (KHTML, like Gecko) Chrome/87.0.4280.141 Safari/537.36"
::1 - - [27/Jan/2021:18:57:25 +0000] "GET / HTTP/1.1" 304 - "-" "Mozilla/5.0 (X11; Linux x86_64) AppleWebKit/537.36 (KHTML, like Gecko) Chrome/87.0.4280.141 Safari/537.36"
::1 - - [27/Jan/2021:18:57:25 +0000] "GET /stylesheets/style.css HTTP/1.1" 304 - "http://localhost:3000/" "Mozilla/5.0 (X11; Linux x86_64) AppleWebKit/537.36 (KHTML, like Gecko) Chrome/87.0.4280.141 Safari/537.36"
::1 - - [27/Jan/2021:18:57:35 +0000] "GET /wiki HTTP/1.1" 200 2208 "-" "Mozilla/5.0 (X11; Linux x86_64) AppleWebKit/537.36 (KHTML, like Gecko) Chrome/87.0.4280.141 Safari/537.36"
::1 - - [27/Jan/2021:18:57:35 +0000] "GET /stylesheets/style.css HTTP/1.1" 304 - "http://localhost:3000/wiki" "Mozilla/5.0 (X11; Linux x86_64) AppleWebKit/537.36 (KHTML, like Gecko) Chrome/87.0.4280.141 Safari/537.36"
::1 - - [27/Jan/2021:18:59:43 +0000] "GET / HTTP/1.1" 304 - "http://localhost:3000/wiki" "Mozilla/5.0 (X11; Linux x86_64) AppleWebKit/537.36 (KHTML, like Gecko) Chrome/87.0.4280.141 Safari/537.36"
::1 - - [27/Jan/2021:18:59:43 +0000] "GET /stylesheets/style.css HTTP/1.1" 304 - "http://localhost:3000/" "Mozilla/5.0 (X11; Linux x86_64) AppleWebKit/537.36 (KHTML, like Gecko) Chrome/87.0.4280.141 Safari/537.36"
::1 - - [27/Jan/2021:19:01:20 +0000] "GET /wiki HTTP/1.1" 304 - "-" "Mozilla/5.0 (X11; Linux x86_64) AppleWebKit/537.36 (KHTML, like Gecko) Chrome/87.0.4280.141 Safari/537.36"
::1 - - [27/Jan/2021:19:01:20 +0000] "GET /stylesheets/style.css HTTP/1.1" 304 - "http://localhost:3000/wiki" "Mozilla/5.0 (X11; Linux x86_64) AppleWebKit/537.36 (KHTML, like Gecko) Chrome/87.0.4280.141 Safari/537.36"
::1 - - [27/Jan/2021:19:01:23 +0000] "GET / HTTP/1.1" 304 - "http://localhost:3000/wiki" "Mozilla/5.0 (X11; Linux x86_64) AppleWebKit/537.36 (KHTML, like Gecko) Chrome/87.0.4280.141 Safari/537.36"
::1 - - [27/Jan/2021:19:01:23 +0000] "GET /stylesheets/style.css HTTP/1.1" 304 - "http://localhost:3000/" "Mozilla/5.0 (X11; Linux x86_64) AppleWebKit/537.36 (KHTML, like Gecko) Chrome/87.0.4280.141 Safari/537.36"
::1 - - [27/Jan/2021:19:03:34 +0000] "GET /wiki/add HTTP/1.1" 200 2208 "-" "Mozilla/5.0 (X11; Linux x86_64) AppleWebKit/537.36 (KHTML, like Gecko) Chrome/87.0.4280.141 Safari/537.36"
::1 - - [27/Jan/2021:19:03:34 +0000] "GET /stylesheets/style.css HTTP/1.1" 304 - "http://localhost:3000/wiki/add" "Mozilla/5.0 (X11; Linux x86_64) AppleWebKit/537.36 (KHTML, like Gecko) Chrome/87.0.4280.141 Safari/537.36"
::1 - - [27/Jan/2021:19:05:54 +0000] "GET /wiki HTTP/1.1" 302 46 "-" "Mozilla/5.0 (X11; Linux x86_64) AppleWebKit/537.36 (KHTML, like Gecko) Chrome/87.0.4280.141 Safari/537.36"
::1 - - [27/Jan/2021:19:05:54 +0000] "GET / HTTP/1.1" 304 - "-" "Mozilla/5.0 (X11; Linux x86_64) AppleWebKit/537.36 (KHTML, like Gecko) Chrome/87.0.4280.141 Safari/537.36"
::1 - - [27/Jan/2021:19:05:54 +0000] "GET /stylesheets/style.css HTTP/1.1" 304 - "http://localhost:3000/" "Mozilla/5.0 (X11; Linux x86_64) AppleWebKit/537.36 (KHTML, like Gecko) Chrome/87.0.4280.141 Safari/537.36"
::1 - - [27/Jan/2021:19:06:44 +0000] "GET /wiki/add HTTP/1.1" 304 - "-" "Mozilla/5.0 (X11; Linux x86_64) AppleWebKit/537.36 (KHTML, like Gecko) Chrome/87.0.4280.141 Safari/537.36"
::1 - - [27/Jan/2021:19:06:44 +0000] "GET /stylesheets/style.css HTTP/1.1" 304 - "http://localhost:3000/wiki/add" "Mozilla/5.0 (X11; Linux x86_64) AppleWebKit/537.36 (KHTML, like Gecko) Chrome/87.0.4280.141 Safari/537.36"
::1 - - [27/Jan/2021:19:12:00 +0000] "GET /wiki/add HTTP/1.1" 200 2561 "-" "Mozilla/5.0 (X11; Linux x86_64) AppleWebKit/537.36 (KHTML, like Gecko) Chrome/87.0.4280.141 Safari/537.36"
::1 - - [27/Jan/2021:19:12:00 +0000] "GET /stylesheets/style.css HTTP/1.1" 304 - "http://localhost:3000/wiki/add" "Mozilla/5.0 (X11; Linux x86_64) AppleWebKit/537.36 (KHTML, like Gecko) Chrome/87.0.4280.141 Safari/537.36"
::1 - - [27/Jan/2021:19:14:54 +0000] "GET /wiki/add HTTP/1.1" 200 2732 "-" "Mozilla/5.0 (X11; Linux x86_64) AppleWebKit/537.36 (KHTML, like Gecko) Chrome/87.0.4280.141 Safari/537.36"
::1 - - [27/Jan/2021:19:14:54 +0000] "GET /stylesheets/style.css HTTP/1.1" 304 - "http://localhost:3000/wiki/add" "Mozilla/5.0 (X11; Linux x86_64) AppleWebKit/537.36 (KHTML, like Gecko) Chrome/87.0.4280.141 Safari/537.36"
::1 - - [27/Jan/2021:19:14:56 +0000] "GET / HTTP/1.1" 304 - "http://localhost:3000/wiki/add" "Mozilla/5.0 (X11; Linux x86_64) AppleWebKit/537.36 (KHTML, like Gecko) Chrome/87.0.4280.141 Safari/537.36"
::1 - - [27/Jan/2021:19:14:56 +0000] "GET /stylesheets/style.css HTTP/1.1" 304 - "http://localhost:3000/" "Mozilla/5.0 (X11; Linux x86_64) AppleWebKit/537.36 (KHTML, like Gecko) Chrome/87.0.4280.141 Safari/537.36"
::1 - - [27/Jan/2021:19:14:59 +0000] "GET /wiki/add HTTP/1.1" 304 - "http://localhost:3000/" "Mozilla/5.0 (X11; Linux x86_64) AppleWebKit/537.36 (KHTML, like Gecko) Chrome/87.0.4280.141 Safari/537.36"
::1 - - [27/Jan/2021:19:14:59 +0000] "GET /stylesheets/style.css HTTP/1.1" 304 - "http://localhost:3000/wiki/add" "Mozilla/5.0 (X11; Linux x86_64) AppleWebKit/537.36 (KHTML, like Gecko) Chrome/87.0.4280.141 Safari/537.36"
::1 - - [27/Jan/2021:19:15:35 +0000] "GET /wiki/add HTTP/1.1" 304 - "http://localhost:3000/" "Mozilla/5.0 (X11; Linux x86_64) AppleWebKit/537.36 (KHTML, like Gecko) Chrome/87.0.4280.141 Safari/537.36"
::1 - - [27/Jan/2021:19:15:35 +0000] "GET /stylesheets/style.css HTTP/1.1" 304 - "http://localhost:3000/wiki/add" "Mozilla/5.0 (X11; Linux x86_64) AppleWebKit/537.36 (KHTML, like Gecko) Chrome/87.0.4280.141 Safari/537.36"
::1 - - [27/Jan/2021:19:18:21 +0000] "GET / HTTP/1.1" 304 - "http://localhost:3000/wiki/add" "Mozilla/5.0 (X11; Linux x86_64) AppleWebKit/537.36 (KHTML, like Gecko) Chrome/87.0.4280.141 Safari/537.36"
::1 - - [27/Jan/2021:19:18:22 +0000] "GET /stylesheets/style.css HTTP/1.1" 304 - "http://localhost:3000/" "Mozilla/5.0 (X11; Linux x86_64) AppleWebKit/537.36 (KHTML, like Gecko) Chrome/87.0.4280.141 Safari/537.36"
::1 - - [27/Jan/2021:19:22:53 +0000] "GET / HTTP/1.1" 200 1656 "-" "Mozilla/5.0 (X11; Linux x86_64) AppleWebKit/537.36 (KHTML, like Gecko) Chrome/87.0.4280.141 Safari/537.36"
::1 - - [27/Jan/2021:19:22:53 +0000] "GET /stylesheets/style.css HTTP/1.1" 200 116 "http://localhost:4000/" "Mozilla/5.0 (X11; Linux x86_64) AppleWebKit/537.36 (KHTML, like Gecko) Chrome/87.0.4280.141 Safari/537.36"
::1 - - [27/Jan/2021:19:22:54 +0000] "GET /favicon.ico HTTP/1.1" 404 150 "http://localhost:4000/" "Mozilla/5.0 (X11; Linux x86_64) AppleWebKit/537.36 (KHTML, like Gecko) Chrome/87.0.4280.141 Safari/537.36"
::1 - - [27/Jan/2021:19:22:55 +0000] "GET /wiki/ HTTP/1.1" 302 46 "http://localhost:4000/" "Mozilla/5.0 (X11; Linux x86_64) AppleWebKit/537.36 (KHTML, like Gecko) Chrome/87.0.4280.141 Safari/537.36"
::1 - - [27/Jan/2021:19:22:55 +0000] "GET / HTTP/1.1" 304 - "http://localhost:4000/" "Mozilla/5.0 (X11; Linux x86_64) AppleWebKit/537.36 (KHTML, like Gecko) Chrome/87.0.4280.141 Safari/537.36"
::1 - - [27/Jan/2021:19:22:56 +0000] "GET /stylesheets/style.css HTTP/1.1" 304 - "http://localhost:4000/" "Mozilla/5.0 (X11; Linux x86_64) AppleWebKit/537.36 (KHTML, like Gecko) Chrome/87.0.4280.141 Safari/537.36"
::1 - - [27/Jan/2021:19:22:57 +0000] "GET /users HTTP/1.1" 404 144 "http://localhost:4000/" "Mozilla/5.0 (X11; Linux x86_64) AppleWebKit/537.36 (KHTML, like Gecko) Chrome/87.0.4280.141 Safari/537.36"
::1 - - [27/Jan/2021:19:22:59 +0000] "GET /wiki/add HTTP/1.1" 200 2732 "http://localhost:4000/" "Mozilla/5.0 (X11; Linux x86_64) AppleWebKit/537.36 (KHTML, like Gecko) Chrome/87.0.4280.141 Safari/537.36"
::1 - - [27/Jan/2021:19:22:59 +0000] "GET /stylesheets/style.css HTTP/1.1" 304 - "http://localhost:4000/wiki/add" "Mozilla/5.0 (X11; Linux x86_64) AppleWebKit/537.36 (KHTML, like Gecko) Chrome/87.0.4280.141 Safari/537.36"
::1 - - [27/Jan/2021:19:23:00 +0000] "GET / HTTP/1.1" 304 - "http://localhost:4000/wiki/add" "Mozilla/5.0 (X11; Linux x86_64) AppleWebKit/537.36 (KHTML, like Gecko) Chrome/87.0.4280.141 Safari/537.36"
::1 - - [27/Jan/2021:19:23:00 +0000] "GET /stylesheets/style.css HTTP/1.1" 304 - "http://localhost:4000/" "Mozilla/5.0 (X11; Linux x86_64) AppleWebKit/537.36 (KHTML, like Gecko) Chrome/87.0.4280.141 Safari/537.36"
::1 - - [27/Jan/2021:19:24:19 +0000] "GET / HTTP/1.1" 304 - "http://localhost:4000/wiki/add" "Mozilla/5.0 (X11; Linux x86_64) AppleWebKit/537.36 (KHTML, like Gecko) Chrome/87.0.4280.141 Safari/537.36"
::1 - - [27/Jan/2021:19:24:19 +0000] "GET /stylesheets/style.css HTTP/1.1" 304 - "http://localhost:4000/" "Mozilla/5.0 (X11; Linux x86_64) AppleWebKit/537.36 (KHTML, like Gecko) Chrome/87.0.4280.141 Safari/537.36"
::1 - - [27/Jan/2021:19:25:59 +0000] "GET /wiki/add HTTP/1.1" 200 2919 "http://localhost:4000/" "Mozilla/5.0 (X11; Linux x86_64) AppleWebKit/537.36 (KHTML, like Gecko) Chrome/87.0.4280.141 Safari/537.36"
::1 - - [27/Jan/2021:19:25:59 +0000] "GET /stylesheets/style.css HTTP/1.1" 304 - "http://localhost:4000/wiki/add" "Mozilla/5.0 (X11; Linux x86_64) AppleWebKit/537.36 (KHTML, like Gecko) Chrome/87.0.4280.141 Safari/537.36"
::1 - - [27/Jan/2021:19:27:23 +0000] "GET /wiki/add HTTP/1.1" 200 2977 "http://localhost:4000/" "Mozilla/5.0 (X11; Linux x86_64) AppleWebKit/537.36 (KHTML, like Gecko) Chrome/87.0.4280.141 Safari/537.36"
::1 - - [27/Jan/2021:19:27:23 +0000] "GET /stylesheets/style.css HTTP/1.1" 304 - "http://localhost:4000/wiki/add" "Mozilla/5.0 (X11; Linux x86_64) AppleWebKit/537.36 (KHTML, like Gecko) Chrome/87.0.4280.141 Safari/537.36"
::1 - - [27/Jan/2021:19:28:28 +0000] "GET /wiki/add HTTP/1.1" 200 3035 "http://localhost:4000/" "Mozilla/5.0 (X11; Linux x86_64) AppleWebKit/537.36 (KHTML, like Gecko) Chrome/87.0.4280.141 Safari/537.36"
::1 - - [27/Jan/2021:19:28:29 +0000] "GET /stylesheets/style.css HTTP/1.1" 304 - "http://localhost:4000/wiki/add" "Mozilla/5.0 (X11; Linux x86_64) AppleWebKit/537.36 (KHTML, like Gecko) Chrome/87.0.4280.141 Safari/537.36"
::1 - - [27/Jan/2021:19:28:42 +0000] "GET /wiki/add HTTP/1.1" 200 3043 "http://localhost:4000/" "Mozilla/5.0 (X11; Linux x86_64) AppleWebKit/537.36 (KHTML, like Gecko) Chrome/87.0.4280.141 Safari/537.36"
::1 - - [27/Jan/2021:19:28:42 +0000] "GET /stylesheets/style.css HTTP/1.1" 304 - "http://localhost:4000/wiki/add" "Mozilla/5.0 (X11; Linux x86_64) AppleWebKit/537.36 (KHTML, like Gecko) Chrome/87.0.4280.141 Safari/537.36"
::1 - - [27/Jan/2021:19:29:07 +0000] "GET /wiki/add HTTP/1.1" 200 3052 "http://localhost:4000/" "Mozilla/5.0 (X11; Linux x86_64) AppleWebKit/537.36 (KHTML, like Gecko) Chrome/87.0.4280.141 Safari/537.36"
::1 - - [27/Jan/2021:19:29:07 +0000] "GET /stylesheets/style.css HTTP/1.1" 304 - "http://localhost:4000/wiki/add" "Mozilla/5.0 (X11; Linux x86_64) AppleWebKit/537.36 (KHTML, like Gecko) Chrome/87.0.4280.141 Safari/537.36"
::1 - - [27/Jan/2021:19:29:12 +0000] "GET /wiki/add HTTP/1.1" 304 - "http://localhost:4000/" "Mozilla/5.0 (X11; Linux x86_64) AppleWebKit/537.36 (KHTML, like Gecko) Chrome/87.0.4280.141 Safari/537.36"
::1 - - [27/Jan/2021:19:29:12 +0000] "GET /stylesheets/style.css HTTP/1.1" 304 - "http://localhost:4000/wiki/add" "Mozilla/5.0 (X11; Linux x86_64) AppleWebKit/537.36 (KHTML, like Gecko) Chrome/87.0.4280.141 Safari/537.36"
::1 - - [27/Jan/2021:19:29:13 +0000] "GET /wiki/add HTTP/1.1" 304 - "http://localhost:4000/" "Mozilla/5.0 (X11; Linux x86_64) AppleWebKit/537.36 (KHTML, like Gecko) Chrome/87.0.4280.141 Safari/537.36"
::1 - - [27/Jan/2021:19:29:13 +0000] "GET /stylesheets/style.css HTTP/1.1" 304 - "http://localhost:4000/wiki/add" "Mozilla/5.0 (X11; Linux x86_64) AppleWebKit/537.36 (KHTML, like Gecko) Chrome/87.0.4280.141 Safari/537.36"
::1 - - [27/Jan/2021:19:30:11 +0000] "GET /wiki/add HTTP/1.1" 304 - "http://localhost:4000/" "Mozilla/5.0 (X11; Linux x86_64) AppleWebKit/537.36 (KHTML, like Gecko) Chrome/87.0.4280.141 Safari/537.36"
::1 - - [27/Jan/2021:19:30:11 +0000] "GET /stylesheets/style.css HTTP/1.1" 304 - "http://localhost:4000/wiki/add" "Mozilla/5.0 (X11; Linux x86_64) AppleWebKit/537.36 (KHTML, like Gecko) Chrome/87.0.4280.141 Safari/537.36"
::1 - - [27/Jan/2021:19:30:17 +0000] "GET /wiki/add HTTP/1.1" 200 3043 "http://localhost:4000/" "Mozilla/5.0 (X11; Linux x86_64) AppleWebKit/537.36 (KHTML, like Gecko) Chrome/87.0.4280.141 Safari/537.36"
::1 - - [27/Jan/2021:19:30:17 +0000] "GET /stylesheets/style.css HTTP/1.1" 304 - "http://localhost:4000/wiki/add" "Mozilla/5.0 (X11; Linux x86_64) AppleWebKit/537.36 (KHTML, like Gecko) Chrome/87.0.4280.141 Safari/537.36"
::1 - - [27/Jan/2021:19:34:55 +0000] "POST /wiki/ HTTP/1.1" 302 62 "http://localhost:4000/wiki/add" "Mozilla/5.0 (X11; Linux x86_64) AppleWebKit/537.36 (KHTML, like Gecko) Chrome/87.0.4280.141 Safari/537.36"
::1 - - [27/Jan/2021:19:34:55 +0000] "GET /wiki/add HTTP/1.1" 304 - "http://localhost:4000/wiki/add" "Mozilla/5.0 (X11; Linux x86_64) AppleWebKit/537.36 (KHTML, like Gecko) Chrome/87.0.4280.141 Safari/537.36"
::1 - - [27/Jan/2021:19:34:56 +0000] "GET /stylesheets/style.css HTTP/1.1" 304 - "http://localhost:4000/wiki/add" "Mozilla/5.0 (X11; Linux x86_64) AppleWebKit/537.36 (KHTML, like Gecko) Chrome/87.0.4280.141 Safari/537.36"
::1 - - [27/Jan/2021:19:35:33 +0000] "POST /wiki/ HTTP/1.1" 302 62 "http://localhost:4000/wiki/add" "Mozilla/5.0 (X11; Linux x86_64) AppleWebKit/537.36 (KHTML, like Gecko) Chrome/87.0.4280.141 Safari/537.36"
::1 - - [27/Jan/2021:19:35:33 +0000] "GET /wiki/add HTTP/1.1" 304 - "http://localhost:4000/wiki/add" "Mozilla/5.0 (X11; Linux x86_64) AppleWebKit/537.36 (KHTML, like Gecko) Chrome/87.0.4280.141 Safari/537.36"
::1 - - [27/Jan/2021:19:35:34 +0000] "GET /stylesheets/style.css HTTP/1.1" 304 - "http://localhost:4000/wiki/add" "Mozilla/5.0 (X11; Linux x86_64) AppleWebKit/537.36 (KHTML, like Gecko) Chrome/87.0.4280.141 Safari/537.36"
::1 - - [27/Jan/2021:19:36:53 +0000] "POST /wiki/ HTTP/1.1" 302 62 "http://localhost:4000/wiki/add" "Mozilla/5.0 (X11; Linux x86_64) AppleWebKit/537.36 (KHTML, like Gecko) Chrome/87.0.4280.141 Safari/537.36"
::1 - - [27/Jan/2021:19:36:53 +0000] "GET /wiki/add HTTP/1.1" 200 3042 "http://localhost:4000/wiki/add" "Mozilla/5.0 (X11; Linux x86_64) AppleWebKit/537.36 (KHTML, like Gecko) Chrome/87.0.4280.141 Safari/537.36"
::1 - - [27/Jan/2021:19:36:53 +0000] "GET /stylesheets/style.css HTTP/1.1" 304 - "http://localhost:4000/wiki/add" "Mozilla/5.0 (X11; Linux x86_64) AppleWebKit/537.36 (KHTML, like Gecko) Chrome/87.0.4280.141 Safari/537.36"
::1 - - [27/Jan/2021:19:37:56 +0000] "POST /wiki HTTP/1.1" 302 62 "http://localhost:4000/wiki/add" "Mozilla/5.0 (X11; Linux x86_64) AppleWebKit/537.36 (KHTML, like Gecko) Chrome/87.0.4280.141 Safari/537.36"
::1 - - [27/Jan/2021:19:37:56 +0000] "GET /wiki/add HTTP/1.1" 304 - "http://localhost:4000/wiki/add" "Mozilla/5.0 (X11; Linux x86_64) AppleWebKit/537.36 (KHTML, like Gecko) Chrome/87.0.4280.141 Safari/537.36"
::1 - - [27/Jan/2021:19:37:56 +0000] "GET /stylesheets/style.css HTTP/1.1" 304 - "http://localhost:4000/wiki/add" "Mozilla/5.0 (X11; Linux x86_64) AppleWebKit/537.36 (KHTML, like Gecko) Chrome/87.0.4280.141 Safari/537.36"
::1 - - [27/Jan/2021:19:38:42 +0000] "GET /wiki/add HTTP/1.1" 304 - "http://localhost:4000/wiki/add" "Mozilla/5.0 (X11; Linux x86_64) AppleWebKit/537.36 (KHTML, like Gecko) Chrome/87.0.4280.141 Safari/537.36"
::1 - - [27/Jan/2021:19:38:42 +0000] "GET /stylesheets/style.css HTTP/1.1" 304 - "http://localhost:4000/wiki/add" "Mozilla/5.0 (X11; Linux x86_64) AppleWebKit/537.36 (KHTML, like Gecko) Chrome/87.0.4280.141 Safari/537.36"
::1 - - [27/Jan/2021:19:38:56 +0000] "POST /wiki HTTP/1.1" 302 62 "http://localhost:4000/wiki/add" "Mozilla/5.0 (X11; Linux x86_64) AppleWebKit/537.36 (KHTML, like Gecko) Chrome/87.0.4280.141 Safari/537.36"
::1 - - [27/Jan/2021:19:38:56 +0000] "GET /wiki/add HTTP/1.1" 304 - "http://localhost:4000/wiki/add" "Mozilla/5.0 (X11; Linux x86_64) AppleWebKit/537.36 (KHTML, like Gecko) Chrome/87.0.4280.141 Safari/537.36"
::1 - - [27/Jan/2021:19:38:56 +0000] "GET /stylesheets/style.css HTTP/1.1" 304 - "http://localhost:4000/wiki/add" "Mozilla/5.0 (X11; Linux x86_64) AppleWebKit/537.36 (KHTML, like Gecko) Chrome/87.0.4280.141 Safari/537.36"
::1 - - [27/Jan/2021:19:53:45 +0000] "GET /wiki/add HTTP/1.1" 304 - "http://localhost:4000/wiki/add" "Mozilla/5.0 (X11; Linux x86_64) AppleWebKit/537.36 (KHTML, like Gecko) Chrome/87.0.4280.141 Safari/537.36"
::1 - - [27/Jan/2021:19:53:45 +0000] "GET /stylesheets/style.css HTTP/1.1" 304 - "http://localhost:4000/wiki/add" "Mozilla/5.0 (X11; Linux x86_64) AppleWebKit/537.36 (KHTML, like Gecko) Chrome/87.0.4280.141 Safari/537.36"
::1 - - [27/Jan/2021:19:54:39 +0000] "POST /wiki HTTP/1.1" 302 62 "http://localhost:4000/wiki/add" "Mozilla/5.0 (X11; Linux x86_64) AppleWebKit/537.36 (KHTML, like Gecko) Chrome/87.0.4280.141 Safari/537.36"
::1 - - [27/Jan/2021:19:55:38 +0000] "POST /wiki HTTP/1.1" 302 62 "http://localhost:4000/wiki/add" "Mozilla/5.0 (X11; Linux x86_64) AppleWebKit/537.36 (KHTML, like Gecko) Chrome/87.0.4280.141 Safari/537.36"
::1 - - [27/Jan/2021:19:55:38 +0000] "GET /wiki/add HTTP/1.1" 304 - "http://localhost:4000/wiki/add" "Mozilla/5.0 (X11; Linux x86_64) AppleWebKit/537.36 (KHTML, like Gecko) Chrome/87.0.4280.141 Safari/537.36"
::1 - - [27/Jan/2021:19:55:38 +0000] "GET /stylesheets/style.css HTTP/1.1" 304 - "http://localhost:4000/wiki/add" "Mozilla/5.0 (X11; Linux x86_64) AppleWebKit/537.36 (KHTML, like Gecko) Chrome/87.0.4280.141 Safari/537.36"
::1 - - [27/Jan/2021:20:03:34 +0000] "POST /wiki HTTP/1.1" 200 343 "http://localhost:4000/wiki/add" "Mozilla/5.0 (X11; Linux x86_64) AppleWebKit/537.36 (KHTML, like Gecko) Chrome/87.0.4280.141 Safari/537.36"
::1 - - [27/Jan/2021:20:23:03 +0000] "GET /wiki HTTP/1.1" 302 46 "-" "Mozilla/5.0 (X11; Linux x86_64) AppleWebKit/537.36 (KHTML, like Gecko) Chrome/87.0.4280.141 Safari/537.36"
::1 - - [27/Jan/2021:20:23:03 +0000] "GET / HTTP/1.1" 304 - "-" "Mozilla/5.0 (X11; Linux x86_64) AppleWebKit/537.36 (KHTML, like Gecko) Chrome/87.0.4280.141 Safari/537.36"
::1 - - [27/Jan/2021:20:23:04 +0000] "GET /stylesheets/style.css HTTP/1.1" 304 - "http://localhost:4000/" "Mozilla/5.0 (X11; Linux x86_64) AppleWebKit/537.36 (KHTML, like Gecko) Chrome/87.0.4280.141 Safari/537.36"
::1 - - [27/Jan/2021:20:23:11 +0000] "GET /wiki/add HTTP/1.1" 304 - "-" "Mozilla/5.0 (X11; Linux x86_64) AppleWebKit/537.36 (KHTML, like Gecko) Chrome/87.0.4280.141 Safari/537.36"
::1 - - [27/Jan/2021:20:23:11 +0000] "GET /stylesheets/style.css HTTP/1.1" 304 - "http://localhost:4000/wiki/add" "Mozilla/5.0 (X11; Linux x86_64) AppleWebKit/537.36 (KHTML, like Gecko) Chrome/87.0.4280.141 Safari/537.36"
::1 - - [27/Jan/2021:20:23:20 +0000] "GET /wiki/Mi_primer_blog HTTP/1.1" 500 1402 "-" "Mozilla/5.0 (X11; Linux x86_64) AppleWebKit/537.36 (KHTML, like Gecko) Chrome/87.0.4280.141 Safari/537.36"
::1 - - [27/Jan/2021:20:24:00 +0000] "GET /wiki/Mi_primer_blog HTTP/1.1" - - "-" "Mozilla/5.0 (X11; Linux x86_64) AppleWebKit/537.36 (KHTML, like Gecko) Chrome/87.0.4280.141 Safari/537.36"
::1 - - [27/Jan/2021:20:24:00 +0000] "GET /wiki// HTTP/1.1" 302 46 "-" "Mozilla/5.0 (X11; Linux x86_64) AppleWebKit/537.36 (KHTML, like Gecko) Chrome/87.0.4280.141 Safari/537.36"
::1 - - [27/Jan/2021:20:24:00 +0000] "GET / HTTP/1.1" 304 - "-" "Mozilla/5.0 (X11; Linux x86_64) AppleWebKit/537.36 (KHTML, like Gecko) Chrome/87.0.4280.141 Safari/537.36"
::1 - - [27/Jan/2021:20:24:00 +0000] "GET /stylesheets/style.css HTTP/1.1" 304 - "http://localhost:4000/" "Mozilla/5.0 (X11; Linux x86_64) AppleWebKit/537.36 (KHTML, like Gecko) Chrome/87.0.4280.141 Safari/537.36"
::1 - - [27/Jan/2021:20:24:03 +0000] "GET /wiki/add HTTP/1.1" 304 - "http://localhost:4000/" "Mozilla/5.0 (X11; Linux x86_64) AppleWebKit/537.36 (KHTML, like Gecko) Chrome/87.0.4280.141 Safari/537.36"
::1 - - [27/Jan/2021:20:24:03 +0000] "GET /stylesheets/style.css HTTP/1.1" 304 - "http://localhost:4000/wiki/add" "Mozilla/5.0 (X11; Linux x86_64) AppleWebKit/537.36 (KHTML, like Gecko) Chrome/87.0.4280.141 Safari/537.36"
::1 - - [27/Jan/2021:20:25:04 +0000] "GET /wiki/Mi_primer_blog HTTP/1.1" 200 241 "-" "Mozilla/5.0 (X11; Linux x86_64) AppleWebKit/537.36 (KHTML, like Gecko) Chrome/87.0.4280.141 Safari/537.36"
::1 - - [27/Jan/2021:20:25:12 +0000] "GET /wiki/Mi_primer_blog HTTP/1.1" 304 - "-" "Mozilla/5.0 (X11; Linux x86_64) AppleWebKit/537.36 (KHTML, like Gecko) Chrome/87.0.4280.141 Safari/537.36"
::1 - - [27/Jan/2021:20:27:11 +0000] "GET / HTTP/1.1" 304 - "-" "Mozilla/5.0 (X11; Linux x86_64) AppleWebKit/537.36 (KHTML, like Gecko) Chrome/87.0.4280.141 Safari/537.36"
::1 - - [27/Jan/2021:20:27:11 +0000] "GET /stylesheets/style.css HTTP/1.1" 304 - "http://localhost:4000/" "Mozilla/5.0 (X11; Linux x86_64) AppleWebKit/537.36 (KHTML, like Gecko) Chrome/87.0.4280.141 Safari/537.36"
::1 - - [27/Jan/2021:20:33:02 +0000] "GET /wiki/Mi_primer_blog HTTP/1.1" 200 1950 "-" "Mozilla/5.0 (X11; Linux x86_64) AppleWebKit/537.36 (KHTML, like Gecko) Chrome/87.0.4280.141 Safari/537.36"
::1 - - [27/Jan/2021:20:33:03 +0000] "GET /stylesheets/style.css HTTP/1.1" 304 - "http://localhost:4000/wiki/Mi_primer_blog" "Mozilla/5.0 (X11; Linux x86_64) AppleWebKit/537.36 (KHTML, like Gecko) Chrome/87.0.4280.141 Safari/537.36"
::1 - - [27/Jan/2021:20:33:35 +0000] "GET /wiki/Mi_primer_blog HTTP/1.1" 200 1964 "-" "Mozilla/5.0 (X11; Linux x86_64) AppleWebKit/537.36 (KHTML, like Gecko) Chrome/87.0.4280.141 Safari/537.36"
::1 - - [27/Jan/2021:20:33:35 +0000] "GET /stylesheets/style.css HTTP/1.1" 304 - "http://localhost:4000/wiki/Mi_primer_blog" "Mozilla/5.0 (X11; Linux x86_64) AppleWebKit/537.36 (KHTML, like Gecko) Chrome/87.0.4280.141 Safari/537.36"
::1 - - [27/Jan/2021:20:33:56 +0000] "GET /wiki/Mi_primer_blog HTTP/1.1" 200 2048 "-" "Mozilla/5.0 (X11; Linux x86_64) AppleWebKit/537.36 (KHTML, like Gecko) Chrome/87.0.4280.141 Safari/537.36"
::1 - - [27/Jan/2021:20:33:56 +0000] "GET /stylesheets/style.css HTTP/1.1" 304 - "http://localhost:4000/wiki/Mi_primer_blog" "Mozilla/5.0 (X11; Linux x86_64) AppleWebKit/537.36 (KHTML, like Gecko) Chrome/87.0.4280.141 Safari/537.36"
::1 - - [27/Jan/2021:20:36:55 +0000] "GET /wiki/add HTTP/1.1" 304 - "http://localhost:4000/wiki/Mi_primer_blog" "Mozilla/5.0 (X11; Linux x86_64) AppleWebKit/537.36 (KHTML, like Gecko) Chrome/87.0.4280.141 Safari/537.36"
::1 - - [27/Jan/2021:20:36:55 +0000] "GET /stylesheets/style.css HTTP/1.1" 304 - "http://localhost:4000/wiki/add" "Mozilla/5.0 (X11; Linux x86_64) AppleWebKit/537.36 (KHTML, like Gecko) Chrome/87.0.4280.141 Safari/537.36"
::1 - - [27/Jan/2021:20:37:38 +0000] "POST /wiki HTTP/1.1" 302 82 "http://localhost:4000/wiki/add" "Mozilla/5.0 (X11; Linux x86_64) AppleWebKit/537.36 (KHTML, like Gecko) Chrome/87.0.4280.141 Safari/537.36"
::1 - - [27/Jan/2021:20:37:38 +0000] "GET /wiki/Seco_de_ideas HTTP/1.1" 200 2058 "http://localhost:4000/wiki/add" "Mozilla/5.0 (X11; Linux x86_64) AppleWebKit/537.36 (KHTML, like Gecko) Chrome/87.0.4280.141 Safari/537.36"
::1 - - [27/Jan/2021:20:37:38 +0000] "GET /stylesheets/style.css HTTP/1.1" 304 - "http://localhost:4000/wiki/Seco_de_ideas" "Mozilla/5.0 (X11; Linux x86_64) AppleWebKit/537.36 (KHTML, like Gecko) Chrome/87.0.4280.141 Safari/537.36"
::1 - - [27/Jan/2021:20:37:49 +0000] "GET / HTTP/1.1" 304 - "http://localhost:4000/wiki/Seco_de_ideas" "Mozilla/5.0 (X11; Linux x86_64) AppleWebKit/537.36 (KHTML, like Gecko) Chrome/87.0.4280.141 Safari/537.36"
::1 - - [27/Jan/2021:20:37:49 +0000] "GET /stylesheets/style.css HTTP/1.1" 304 - "http://localhost:4000/" "Mozilla/5.0 (X11; Linux x86_64) AppleWebKit/537.36 (KHTML, like Gecko) Chrome/87.0.4280.141 Safari/537.36"
::1 - - [27/Jan/2021:20:38:22 +0000] "GET /wiki/add HTTP/1.1" 304 - "http://localhost:4000/" "Mozilla/5.0 (X11; Linux x86_64) AppleWebKit/537.36 (KHTML, like Gecko) Chrome/87.0.4280.141 Safari/537.36"
::1 - - [27/Jan/2021:20:38:22 +0000] "GET /stylesheets/style.css HTTP/1.1" 304 - "http://localhost:4000/wiki/add" "Mozilla/5.0 (X11; Linux x86_64) AppleWebKit/537.36 (KHTML, like Gecko) Chrome/87.0.4280.141 Safari/537.36"
::1 - - [27/Jan/2021:20:42:24 +0000] "GET / HTTP/1.1" 304 - "http://localhost:4000/wiki/add" "Mozilla/5.0 (X11; Linux x86_64) AppleWebKit/537.36 (KHTML, like Gecko) Chrome/87.0.4280.141 Safari/537.36"
::1 - - [27/Jan/2021:20:42:25 +0000] "GET /stylesheets/style.css HTTP/1.1" 304 - "http://localhost:4000/" "Mozilla/5.0 (X11; Linux x86_64) AppleWebKit/537.36 (KHTML, like Gecko) Chrome/87.0.4280.141 Safari/537.36"
::1 - - [27/Jan/2021:20:45:22 +0000] "GET / HTTP/1.1" 200 1863 "http://localhost:4000/wiki/add" "Mozilla/5.0 (X11; Linux x86_64) AppleWebKit/537.36 (KHTML, like Gecko) Chrome/87.0.4280.141 Safari/537.36"
::1 - - [27/Jan/2021:20:45:22 +0000] "GET /stylesheets/style.css HTTP/1.1" 304 - "http://localhost:4000/" "Mozilla/5.0 (X11; Linux x86_64) AppleWebKit/537.36 (KHTML, like Gecko) Chrome/87.0.4280.141 Safari/537.36"
::1 - - [27/Jan/2021:20:46:02 +0000] "GET / HTTP/1.1" 200 1837 "http://localhost:4000/wiki/add" "Mozilla/5.0 (X11; Linux x86_64) AppleWebKit/537.36 (KHTML, like Gecko) Chrome/87.0.4280.141 Safari/537.36"
::1 - - [27/Jan/2021:20:46:02 +0000] "GET /stylesheets/style.css HTTP/1.1" 304 - "http://localhost:4000/" "Mozilla/5.0 (X11; Linux x86_64) AppleWebKit/537.36 (KHTML, like Gecko) Chrome/87.0.4280.141 Safari/537.36"
::1 - - [27/Jan/2021:20:46:04 +0000] "GET /wiki/Seco_de_ideas HTTP/1.1" 304 - "http://localhost:4000/" "Mozilla/5.0 (X11; Linux x86_64) AppleWebKit/537.36 (KHTML, like Gecko) Chrome/87.0.4280.141 Safari/537.36"
::1 - - [27/Jan/2021:20:46:04 +0000] "GET /stylesheets/style.css HTTP/1.1" 304 - "http://localhost:4000/wiki/Seco_de_ideas" "Mozilla/5.0 (X11; Linux x86_64) AppleWebKit/537.36 (KHTML, like Gecko) Chrome/87.0.4280.141 Safari/537.36"
::1 - - [27/Jan/2021:20:46:09 +0000] "GET / HTTP/1.1" 304 - "http://localhost:4000/wiki/Seco_de_ideas" "Mozilla/5.0 (X11; Linux x86_64) AppleWebKit/537.36 (KHTML, like Gecko) Chrome/87.0.4280.141 Safari/537.36"
::1 - - [27/Jan/2021:20:46:09 +0000] "GET /stylesheets/style.css HTTP/1.1" 304 - "http://localhost:4000/" "Mozilla/5.0 (X11; Linux x86_64) AppleWebKit/537.36 (KHTML, like Gecko) Chrome/87.0.4280.141 Safari/537.36"
::1 - - [27/Jan/2021:20:46:10 +0000] "GET /wiki/Mi_vida HTTP/1.1" 200 2007 "http://localhost:4000/" "Mozilla/5.0 (X11; Linux x86_64) AppleWebKit/537.36 (KHTML, like Gecko) Chrome/87.0.4280.141 Safari/537.36"
::1 - - [27/Jan/2021:20:46:10 +0000] "GET /stylesheets/style.css HTTP/1.1" 304 - "http://localhost:4000/wiki/Mi_vida" "Mozilla/5.0 (X11; Linux x86_64) AppleWebKit/537.36 (KHTML, like Gecko) Chrome/87.0.4280.141 Safari/537.36"
::1 - - [27/Jan/2021:20:46:14 +0000] "GET / HTTP/1.1" 304 - "http://localhost:4000/wiki/Mi_vida" "Mozilla/5.0 (X11; Linux x86_64) AppleWebKit/537.36 (KHTML, like Gecko) Chrome/87.0.4280.141 Safari/537.36"
::1 - - [27/Jan/2021:20:46:14 +0000] "GET /stylesheets/style.css HTTP/1.1" 304 - "http://localhost:4000/" "Mozilla/5.0 (X11; Linux x86_64) AppleWebKit/537.36 (KHTML, like Gecko) Chrome/87.0.4280.141 Safari/537.36"
::1 - - [27/Jan/2021:20:46:15 +0000] "GET /wiki/Mi_primer_blog HTTP/1.1" 304 - "http://localhost:4000/" "Mozilla/5.0 (X11; Linux x86_64) AppleWebKit/537.36 (KHTML, like Gecko) Chrome/87.0.4280.141 Safari/537.36"
::1 - - [27/Jan/2021:20:46:15 +0000] "GET /stylesheets/style.css HTTP/1.1" 304 - "http://localhost:4000/wiki/Mi_primer_blog" "Mozilla/5.0 (X11; Linux x86_64) AppleWebKit/537.36 (KHTML, like Gecko) Chrome/87.0.4280.141 Safari/537.36"
::1 - - [27/Jan/2021:20:46:19 +0000] "GET / HTTP/1.1" 304 - "http://localhost:4000/wiki/Mi_primer_blog" "Mozilla/5.0 (X11; Linux x86_64) AppleWebKit/537.36 (KHTML, like Gecko) Chrome/87.0.4280.141 Safari/537.36"
::1 - - [27/Jan/2021:20:46:19 +0000] "GET /stylesheets/style.css HTTP/1.1" 304 - "http://localhost:4000/" "Mozilla/5.0 (X11; Linux x86_64) AppleWebKit/537.36 (KHTML, like Gecko) Chrome/87.0.4280.141 Safari/537.36"
::1 - - [27/Jan/2021:21:00:49 +0000] "GET / HTTP/1.1" 200 1631 "-" "Mozilla/5.0 (X11; Linux x86_64) AppleWebKit/537.36 (KHTML, like Gecko) Chrome/87.0.4280.141 Safari/537.36"
::1 - - [27/Jan/2021:21:00:49 +0000] "GET /stylesheets/style.css HTTP/1.1" 304 - "http://localhost:4000/" "Mozilla/5.0 (X11; Linux x86_64) AppleWebKit/537.36 (KHTML, like Gecko) Chrome/87.0.4280.141 Safari/537.36"
::1 - - [27/Jan/2021:21:01:59 +0000] "GET /wiki/add HTTP/1.1" 304 - "http://localhost:4000/" "Mozilla/5.0 (X11; Linux x86_64) AppleWebKit/537.36 (KHTML, like Gecko) Chrome/87.0.4280.141 Safari/537.36"
::1 - - [27/Jan/2021:21:01:59 +0000] "GET /stylesheets/style.css HTTP/1.1" 304 - "http://localhost:4000/wiki/add" "Mozilla/5.0 (X11; Linux x86_64) AppleWebKit/537.36 (KHTML, like Gecko) Chrome/87.0.4280.141 Safari/537.36"
::1 - - [27/Jan/2021:21:02:43 +0000] "POST /wiki HTTP/1.1" 302 82 "http://localhost:4000/wiki/add" "Mozilla/5.0 (X11; Linux x86_64) AppleWebKit/537.36 (KHTML, like Gecko) Chrome/87.0.4280.141 Safari/537.36"
::1 - - [27/Jan/2021:21:02:43 +0000] "GET /wiki/Borramos_todo HTTP/1.1" 200 2056 "http://localhost:4000/wiki/add" "Mozilla/5.0 (X11; Linux x86_64) AppleWebKit/537.36 (KHTML, like Gecko) Chrome/87.0.4280.141 Safari/537.36"
::1 - - [27/Jan/2021:21:02:43 +0000] "GET /stylesheets/style.css HTTP/1.1" 304 - "http://localhost:4000/wiki/Borramos_todo" "Mozilla/5.0 (X11; Linux x86_64) AppleWebKit/537.36 (KHTML, like Gecko) Chrome/87.0.4280.141 Safari/537.36"
::1 - - [27/Jan/2021:21:02:47 +0000] "GET / HTTP/1.1" 200 1703 "http://localhost:4000/wiki/Borramos_todo" "Mozilla/5.0 (X11; Linux x86_64) AppleWebKit/537.36 (KHTML, like Gecko) Chrome/87.0.4280.141 Safari/537.36"
::1 - - [27/Jan/2021:21:02:47 +0000] "GET /stylesheets/style.css HTTP/1.1" 304 - "http://localhost:4000/" "Mozilla/5.0 (X11; Linux x86_64) AppleWebKit/537.36 (KHTML, like Gecko) Chrome/87.0.4280.141 Safari/537.36"
::1 - - [27/Jan/2021:21:21:46 +0000] "GET / HTTP/1.1" 200 1703 "-" "Mozilla/5.0 (X11; Linux x86_64) AppleWebKit/537.36 (KHTML, like Gecko) Chrome/87.0.4280.141 Safari/537.36"
::1 - - [27/Jan/2021:21:21:46 +0000] "GET /stylesheets/style.css HTTP/1.1" 304 - "http://localhost:3000/" "Mozilla/5.0 (X11; Linux x86_64) AppleWebKit/537.36 (KHTML, like Gecko) Chrome/87.0.4280.141 Safari/537.36"
::1 - - [27/Jan/2021:21:21:52 +0000] "GET /wiki/Borramos_todo HTTP/1.1" 200 2056 "http://localhost:3000/" "Mozilla/5.0 (X11; Linux x86_64) AppleWebKit/537.36 (KHTML, like Gecko) Chrome/87.0.4280.141 Safari/537.36"
::1 - - [27/Jan/2021:21:21:52 +0000] "GET /stylesheets/style.css HTTP/1.1" 304 - "http://localhost:3000/wiki/Borramos_todo" "Mozilla/5.0 (X11; Linux x86_64) AppleWebKit/537.36 (KHTML, like Gecko) Chrome/87.0.4280.141 Safari/537.36"
::1 - - [27/Jan/2021:21:21:54 +0000] "GET / HTTP/1.1" 304 - "http://localhost:3000/wiki/Borramos_todo" "Mozilla/5.0 (X11; Linux x86_64) AppleWebKit/537.36 (KHTML, like Gecko) Chrome/87.0.4280.141 Safari/537.36"
::1 - - [27/Jan/2021:21:21:54 +0000] "GET /stylesheets/style.css HTTP/1.1" 304 - "http://localhost:3000/" "Mozilla/5.0 (X11; Linux x86_64) AppleWebKit/537.36 (KHTML, like Gecko) Chrome/87.0.4280.141 Safari/537.36"
::1 - - [27/Jan/2021:21:22:13 +0000] "GET / HTTP/1.1" 304 - "http://localhost:3000/" "Mozilla/5.0 (X11; Linux x86_64) AppleWebKit/537.36 (KHTML, like Gecko) Chrome/87.0.4280.141 Safari/537.36"
::1 - - [27/Jan/2021:21:22:13 +0000] "GET /stylesheets/style.css HTTP/1.1" 304 - "http://localhost:3000/" "Mozilla/5.0 (X11; Linux x86_64) AppleWebKit/537.36 (KHTML, like Gecko) Chrome/87.0.4280.141 Safari/537.36"
::1 - - [27/Jan/2021:21:22:39 +0000] "GET /wiki/Borramos_todo HTTP/1.1" 304 - "http://localhost:3000/" "Mozilla/5.0 (X11; Linux x86_64) AppleWebKit/537.36 (KHTML, like Gecko) Chrome/87.0.4280.141 Safari/537.36"
::1 - - [27/Jan/2021:21:22:39 +0000] "GET /stylesheets/style.css HTTP/1.1" 304 - "http://localhost:3000/wiki/Borramos_todo" "Mozilla/5.0 (X11; Linux x86_64) AppleWebKit/537.36 (KHTML, like Gecko) Chrome/87.0.4280.141 Safari/537.36"
::1 - - [27/Jan/2021:21:22:44 +0000] "GET /wiki/add HTTP/1.1" 200 3042 "http://localhost:3000/wiki/Borramos_todo" "Mozilla/5.0 (X11; Linux x86_64) AppleWebKit/537.36 (KHTML, like Gecko) Chrome/87.0.4280.141 Safari/537.36"
::1 - - [27/Jan/2021:21:22:44 +0000] "GET /stylesheets/style.css HTTP/1.1" 304 - "http://localhost:3000/wiki/add" "Mozilla/5.0 (X11; Linux x86_64) AppleWebKit/537.36 (KHTML, like Gecko) Chrome/87.0.4280.141 Safari/537.36"
::1 - - [27/Jan/2021:21:22:45 +0000] "GET /users HTTP/1.1" 404 144 "http://localhost:3000/wiki/add" "Mozilla/5.0 (X11; Linux x86_64) AppleWebKit/537.36 (KHTML, like Gecko) Chrome/87.0.4280.141 Safari/537.36"
::1 - - [27/Jan/2021:21:22:49 +0000] "GET / HTTP/1.1" 304 - "http://localhost:3000/wiki/add" "Mozilla/5.0 (X11; Linux x86_64) AppleWebKit/537.36 (KHTML, like Gecko) Chrome/87.0.4280.141 Safari/537.36"
::1 - - [27/Jan/2021:21:22:49 +0000] "GET /stylesheets/style.css HTTP/1.1" 304 - "http://localhost:3000/" "Mozilla/5.0 (X11; Linux x86_64) AppleWebKit/537.36 (KHTML, like Gecko) Chrome/87.0.4280.141 Safari/537.36"
::1 - - [27/Jan/2021:21:24:09 +0000] "GET /wiki/Borramos_todo HTTP/1.1" 304 - "http://localhost:3000/" "Mozilla/5.0 (X11; Linux x86_64) AppleWebKit/537.36 (KHTML, like Gecko) Chrome/87.0.4280.141 Safari/537.36"
::1 - - [27/Jan/2021:21:24:09 +0000] "GET /stylesheets/style.css HTTP/1.1" 304 - "http://localhost:3000/wiki/Borramos_todo" "Mozilla/5.0 (X11; Linux x86_64) AppleWebKit/537.36 (KHTML, like Gecko) Chrome/87.0.4280.141 Safari/537.36"
::1 - - [27/Jan/2021:21:24:12 +0000] "GET /wiki/Borramos_todo HTTP/1.1" 304 - "http://localhost:3000/" "Mozilla/5.0 (X11; Linux x86_64) AppleWebKit/537.36 (KHTML, like Gecko) Chrome/87.0.4280.141 Safari/537.36"
::1 - - [27/Jan/2021:21:24:12 +0000] "GET /stylesheets/style.css HTTP/1.1" 304 - "http://localhost:3000/wiki/Borramos_todo" "Mozilla/5.0 (X11; Linux x86_64) AppleWebKit/537.36 (KHTML, like Gecko) Chrome/87.0.4280.141 Safari/537.36"
::1 - - [27/Jan/2021:21:24:24 +0000] "GET / HTTP/1.1" 200 1631 "http://localhost:3000/wiki/add" "Mozilla/5.0 (X11; Linux x86_64) AppleWebKit/537.36 (KHTML, like Gecko) Chrome/87.0.4280.141 Safari/537.36"
::1 - - [27/Jan/2021:21:24:24 +0000] "GET /stylesheets/style.css HTTP/1.1" 304 - "http://localhost:3000/" "Mozilla/5.0 (X11; Linux x86_64) AppleWebKit/537.36 (KHTML, like Gecko) Chrome/87.0.4280.141 Safari/537.36"
::1 - - [27/Jan/2021:21:28:54 +0000] "GET /wiki/add HTTP/1.1" 304 - "http://localhost:3000/" "Mozilla/5.0 (X11; Linux x86_64) AppleWebKit/537.36 (KHTML, like Gecko) Chrome/87.0.4280.141 Safari/537.36"
::1 - - [27/Jan/2021:21:28:54 +0000] "GET /stylesheets/style.css HTTP/1.1" 304 - "http://localhost:3000/wiki/add" "Mozilla/5.0 (X11; Linux x86_64) AppleWebKit/537.36 (KHTML, like Gecko) Chrome/87.0.4280.141 Safari/537.36"
::1 - - [27/Jan/2021:21:28:55 +0000] "GET /users HTTP/1.1" 404 144 "http://localhost:3000/wiki/add" "Mozilla/5.0 (X11; Linux x86_64) AppleWebKit/537.36 (KHTML, like Gecko) Chrome/87.0.4280.141 Safari/537.36"
::1 - - [27/Jan/2021:21:29:08 +0000] "GET /users HTTP/1.1" 404 144 "http://localhost:3000/wiki/add" "Mozilla/5.0 (X11; Linux x86_64) AppleWebKit/537.36 (KHTML, like Gecko) Chrome/87.0.4280.141 Safari/537.36"
::1 - - [27/Jan/2021:21:29:39 +0000] "GET /users HTTP/1.1" 404 144 "http://localhost:3000/wiki/add" "Mozilla/5.0 (X11; Linux x86_64) AppleWebKit/537.36 (KHTML, like Gecko) Chrome/87.0.4280.141 Safari/537.36"
::1 - - [27/Jan/2021:21:29:59 +0000] "GET /users HTTP/1.1" - - "http://localhost:3000/wiki/add" "Mozilla/5.0 (X11; Linux x86_64) AppleWebKit/537.36 (KHTML, like Gecko) Chrome/87.0.4280.141 Safari/537.36"
::1 - - [27/Jan/2021:21:30:02 +0000] "GET /users HTTP/1.1" 200 1633 "http://localhost:3000/wiki/add" "Mozilla/5.0 (X11; Linux x86_64) AppleWebKit/537.36 (KHTML, like Gecko) Chrome/87.0.4280.141 Safari/537.36"
::1 - - [27/Jan/2021:21:30:02 +0000] "GET /stylesheets/style.css HTTP/1.1" 304 - "http://localhost:3000/users" "Mozilla/5.0 (X11; Linux x86_64) AppleWebKit/537.36 (KHTML, like Gecko) Chrome/87.0.4280.141 Safari/537.36"
::1 - - [27/Jan/2021:21:30:06 +0000] "GET / HTTP/1.1" 304 - "http://localhost:3000/users" "Mozilla/5.0 (X11; Linux x86_64) AppleWebKit/537.36 (KHTML, like Gecko) Chrome/87.0.4280.141 Safari/537.36"
::1 - - [27/Jan/2021:21:30:06 +0000] "GET /stylesheets/style.css HTTP/1.1" 304 - "http://localhost:3000/" "Mozilla/5.0 (X11; Linux x86_64) AppleWebKit/537.36 (KHTML, like Gecko) Chrome/87.0.4280.141 Safari/537.36"
::1 - - [27/Jan/2021:21:30:08 +0000] "GET /wiki/ HTTP/1.1" 302 46 "http://localhost:3000/" "Mozilla/5.0 (X11; Linux x86_64) AppleWebKit/537.36 (KHTML, like Gecko) Chrome/87.0.4280.141 Safari/537.36"
::1 - - [27/Jan/2021:21:30:08 +0000] "GET / HTTP/1.1" 304 - "http://localhost:3000/" "Mozilla/5.0 (X11; Linux x86_64) AppleWebKit/537.36 (KHTML, like Gecko) Chrome/87.0.4280.141 Safari/537.36"
::1 - - [27/Jan/2021:21:30:08 +0000] "GET /stylesheets/style.css HTTP/1.1" 304 - "http://localhost:3000/" "Mozilla/5.0 (X11; Linux x86_64) AppleWebKit/537.36 (KHTML, like Gecko) Chrome/87.0.4280.141 Safari/537.36"
::1 - - [27/Jan/2021:21:30:09 +0000] "GET /wiki/add HTTP/1.1" 304 - "http://localhost:3000/" "Mozilla/5.0 (X11; Linux x86_64) AppleWebKit/537.36 (KHTML, like Gecko) Chrome/87.0.4280.141 Safari/537.36"
::1 - - [27/Jan/2021:21:30:09 +0000] "GET /stylesheets/style.css HTTP/1.1" 304 - "http://localhost:3000/wiki/add" "Mozilla/5.0 (X11; Linux x86_64) AppleWebKit/537.36 (KHTML, like Gecko) Chrome/87.0.4280.141 Safari/537.36"
::1 - - [27/Jan/2021:21:30:10 +0000] "GET /users HTTP/1.1" 304 - "http://localhost:3000/wiki/add" "Mozilla/5.0 (X11; Linux x86_64) AppleWebKit/537.36 (KHTML, like Gecko) Chrome/87.0.4280.141 Safari/537.36"
::1 - - [27/Jan/2021:21:30:10 +0000] "GET /stylesheets/style.css HTTP/1.1" 304 - "http://localhost:3000/users" "Mozilla/5.0 (X11; Linux x86_64) AppleWebKit/537.36 (KHTML, like Gecko) Chrome/87.0.4280.141 Safari/537.36"
::1 - - [27/Jan/2021:21:30:13 +0000] "GET / HTTP/1.1" 304 - "http://localhost:3000/users" "Mozilla/5.0 (X11; Linux x86_64) AppleWebKit/537.36 (KHTML, like Gecko) Chrome/87.0.4280.141 Safari/537.36"
::1 - - [27/Jan/2021:21:30:13 +0000] "GET /stylesheets/style.css HTTP/1.1" 304 - "http://localhost:3000/" "Mozilla/5.0 (X11; Linux x86_64) AppleWebKit/537.36 (KHTML, like Gecko) Chrome/87.0.4280.141 Safari/537.36"
::1 - - [27/Jan/2021:21:30:18 +0000] "GET /wiki/add HTTP/1.1" 304 - "http://localhost:3000/" "Mozilla/5.0 (X11; Linux x86_64) AppleWebKit/537.36 (KHTML, like Gecko) Chrome/87.0.4280.141 Safari/537.36"
::1 - - [27/Jan/2021:21:30:18 +0000] "GET /stylesheets/style.css HTTP/1.1" 304 - "http://localhost:3000/wiki/add" "Mozilla/5.0 (X11; Linux x86_64) AppleWebKit/537.36 (KHTML, like Gecko) Chrome/87.0.4280.141 Safari/537.36"
::1 - - [27/Jan/2021:21:32:50 +0000] "POST /wiki HTTP/1.1" 302 70 "http://localhost:3000/wiki/add" "Mozilla/5.0 (X11; Linux x86_64) AppleWebKit/537.36 (KHTML, like Gecko) Chrome/87.0.4280.141 Safari/537.36"
::1 - - [27/Jan/2021:21:32:50 +0000] "GET /wiki/Oktubre HTTP/1.1" 200 2071 "http://localhost:3000/wiki/add" "Mozilla/5.0 (X11; Linux x86_64) AppleWebKit/537.36 (KHTML, like Gecko) Chrome/87.0.4280.141 Safari/537.36"
::1 - - [27/Jan/2021:21:32:50 +0000] "GET /stylesheets/style.css HTTP/1.1" 304 - "http://localhost:3000/wiki/Oktubre" "Mozilla/5.0 (X11; Linux x86_64) AppleWebKit/537.36 (KHTML, like Gecko) Chrome/87.0.4280.141 Safari/537.36"
::1 - - [27/Jan/2021:21:32:54 +0000] "GET / HTTP/1.1" 200 1691 "http://localhost:3000/wiki/Oktubre" "Mozilla/5.0 (X11; Linux x86_64) AppleWebKit/537.36 (KHTML, like Gecko) Chrome/87.0.4280.141 Safari/537.36"
::1 - - [27/Jan/2021:21:32:54 +0000] "GET /stylesheets/style.css HTTP/1.1" 304 - "http://localhost:3000/" "Mozilla/5.0 (X11; Linux x86_64) AppleWebKit/537.36 (KHTML, like Gecko) Chrome/87.0.4280.141 Safari/537.36"
::1 - - [27/Jan/2021:21:32:56 +0000] "GET /users HTTP/1.1" 200 1697 "http://localhost:3000/" "Mozilla/5.0 (X11; Linux x86_64) AppleWebKit/537.36 (KHTML, like Gecko) Chrome/87.0.4280.141 Safari/537.36"
::1 - - [27/Jan/2021:21:32:57 +0000] "GET /stylesheets/style.css HTTP/1.1" 304 - "http://localhost:3000/users" "Mozilla/5.0 (X11; Linux x86_64) AppleWebKit/537.36 (KHTML, like Gecko) Chrome/87.0.4280.141 Safari/537.36"
::1 - - [27/Jan/2021:21:32:58 +0000] "GET /users/1 HTTP/1.1" 200 1633 "http://localhost:3000/users" "Mozilla/5.0 (X11; Linux x86_64) AppleWebKit/537.36 (KHTML, like Gecko) Chrome/87.0.4280.141 Safari/537.36"
::1 - - [27/Jan/2021:21:32:58 +0000] "GET /stylesheets/style.css HTTP/1.1" 304 - "http://localhost:3000/users/1" "Mozilla/5.0 (X11; Linux x86_64) AppleWebKit/537.36 (KHTML, like Gecko) Chrome/87.0.4280.141 Safari/537.36"
::1 - - [27/Jan/2021:21:33:02 +0000] "GET /users/1 HTTP/1.1" 304 - "http://localhost:3000/users" "Mozilla/5.0 (X11; Linux x86_64) AppleWebKit/537.36 (KHTML, like Gecko) Chrome/87.0.4280.141 Safari/537.36"
::1 - - [27/Jan/2021:21:33:02 +0000] "GET /stylesheets/style.css HTTP/1.1" 304 - "http://localhost:3000/users/1" "Mozilla/5.0 (X11; Linux x86_64) AppleWebKit/537.36 (KHTML, like Gecko) Chrome/87.0.4280.141 Safari/537.36"
::1 - - [27/Jan/2021:21:33:49 +0000] "GET /users HTTP/1.1" 304 - "http://localhost:3000/users/1" "Mozilla/5.0 (X11; Linux x86_64) AppleWebKit/537.36 (KHTML, like Gecko) Chrome/87.0.4280.141 Safari/537.36"
::1 - - [27/Jan/2021:21:33:49 +0000] "GET /stylesheets/style.css HTTP/1.1" 304 - "http://localhost:3000/users" "Mozilla/5.0 (X11; Linux x86_64) AppleWebKit/537.36 (KHTML, like Gecko) Chrome/87.0.4280.141 Safari/537.36"
::1 - - [27/Jan/2021:21:33:50 +0000] "GET /users/1 HTTP/1.1" 304 - "http://localhost:3000/users" "Mozilla/5.0 (X11; Linux x86_64) AppleWebKit/537.36 (KHTML, like Gecko) Chrome/87.0.4280.141 Safari/537.36"
::1 - - [27/Jan/2021:21:33:50 +0000] "GET /stylesheets/style.css HTTP/1.1" 304 - "http://localhost:3000/users/1" "Mozilla/5.0 (X11; Linux x86_64) AppleWebKit/537.36 (KHTML, like Gecko) Chrome/87.0.4280.141 Safari/537.36"
::1 - - [27/Jan/2021:21:44:24 +0000] "GET /users/1 HTTP/1.1" 304 - "http://localhost:3000/users" "Mozilla/5.0 (X11; Linux x86_64) AppleWebKit/537.36 (KHTML, like Gecko) Chrome/87.0.4280.141 Safari/537.36"
::1 - - [27/Jan/2021:21:44:24 +0000] "GET /stylesheets/style.css HTTP/1.1" 304 - "http://localhost:3000/users/1" "Mozilla/5.0 (X11; Linux x86_64) AppleWebKit/537.36 (KHTML, like Gecko) Chrome/87.0.4280.141 Safari/537.36"
::1 - - [27/Jan/2021:21:44:26 +0000] "GET /wiki/ HTTP/1.1" 302 46 "http://localhost:3000/users/1" "Mozilla/5.0 (X11; Linux x86_64) AppleWebKit/537.36 (KHTML, like Gecko) Chrome/87.0.4280.141 Safari/537.36"
::1 - - [27/Jan/2021:21:44:26 +0000] "GET / HTTP/1.1" 304 - "http://localhost:3000/users/1" "Mozilla/5.0 (X11; Linux x86_64) AppleWebKit/537.36 (KHTML, like Gecko) Chrome/87.0.4280.141 Safari/537.36"
::1 - - [27/Jan/2021:21:44:26 +0000] "GET /stylesheets/style.css HTTP/1.1" 304 - "http://localhost:3000/" "Mozilla/5.0 (X11; Linux x86_64) AppleWebKit/537.36 (KHTML, like Gecko) Chrome/87.0.4280.141 Safari/537.36"
::1 - - [27/Jan/2021:21:44:27 +0000] "GET /wiki/add HTTP/1.1" 304 - "http://localhost:3000/" "Mozilla/5.0 (X11; Linux x86_64) AppleWebKit/537.36 (KHTML, like Gecko) Chrome/87.0.4280.141 Safari/537.36"
::1 - - [27/Jan/2021:21:44:27 +0000] "GET /stylesheets/style.css HTTP/1.1" 304 - "http://localhost:3000/wiki/add" "Mozilla/5.0 (X11; Linux x86_64) AppleWebKit/537.36 (KHTML, like Gecko) Chrome/87.0.4280.141 Safari/537.36"
::1 - - [27/Jan/2021:21:44:28 +0000] "GET / HTTP/1.1" 304 - "http://localhost:3000/wiki/add" "Mozilla/5.0 (X11; Linux x86_64) AppleWebKit/537.36 (KHTML, like Gecko) Chrome/87.0.4280.141 Safari/537.36"
::1 - - [27/Jan/2021:21:44:28 +0000] "GET /stylesheets/style.css HTTP/1.1" 304 - "http://localhost:3000/" "Mozilla/5.0 (X11; Linux x86_64) AppleWebKit/537.36 (KHTML, like Gecko) Chrome/87.0.4280.141 Safari/537.36"
::1 - - [27/Jan/2021:21:44:30 +0000] "GET /wiki/Oktubre HTTP/1.1" 304 - "http://localhost:3000/" "Mozilla/5.0 (X11; Linux x86_64) AppleWebKit/537.36 (KHTML, like Gecko) Chrome/87.0.4280.141 Safari/537.36"
::1 - - [27/Jan/2021:21:44:30 +0000] "GET /stylesheets/style.css HTTP/1.1" 304 - "http://localhost:3000/wiki/Oktubre" "Mozilla/5.0 (X11; Linux x86_64) AppleWebKit/537.36 (KHTML, like Gecko) Chrome/87.0.4280.141 Safari/537.36"
::1 - - [27/Jan/2021:21:44:33 +0000] "GET /wiki/PLACEHOLDER-AUTHOR-URL HTTP/1.1" 200 1950 "http://localhost:3000/wiki/Oktubre" "Mozilla/5.0 (X11; Linux x86_64) AppleWebKit/537.36 (KHTML, like Gecko) Chrome/87.0.4280.141 Safari/537.36"
::1 - - [27/Jan/2021:21:44:33 +0000] "GET /stylesheets/style.css HTTP/1.1" 304 - "http://localhost:3000/wiki/PLACEHOLDER-AUTHOR-URL" "Mozilla/5.0 (X11; Linux x86_64) AppleWebKit/537.36 (KHTML, like Gecko) Chrome/87.0.4280.141 Safari/537.36"
::1 - - [27/Jan/2021:21:44:37 +0000] "GET /users HTTP/1.1" 304 - "http://localhost:3000/wiki/Oktubre" "Mozilla/5.0 (X11; Linux x86_64) AppleWebKit/537.36 (KHTML, like Gecko) Chrome/87.0.4280.141 Safari/537.36"
::1 - - [27/Jan/2021:21:44:37 +0000] "GET /stylesheets/style.css HTTP/1.1" 304 - "http://localhost:3000/users" "Mozilla/5.0 (X11; Linux x86_64) AppleWebKit/537.36 (KHTML, like Gecko) Chrome/87.0.4280.141 Safari/537.36"
::1 - - [27/Jan/2021:21:44:38 +0000] "GET /users/1 HTTP/1.1" 304 - "http://localhost:3000/users" "Mozilla/5.0 (X11; Linux x86_64) AppleWebKit/537.36 (KHTML, like Gecko) Chrome/87.0.4280.141 Safari/537.36"
::1 - - [27/Jan/2021:21:44:38 +0000] "GET /stylesheets/style.css HTTP/1.1" 304 - "http://localhost:3000/users/1" "Mozilla/5.0 (X11; Linux x86_64) AppleWebKit/537.36 (KHTML, like Gecko) Chrome/87.0.4280.141 Safari/537.36"
::1 - - [27/Jan/2021:21:45:01 +0000] "GET /wiki/add HTTP/1.1" 304 - "http://localhost:3000/users/1" "Mozilla/5.0 (X11; Linux x86_64) AppleWebKit/537.36 (KHTML, like Gecko) Chrome/87.0.4280.141 Safari/537.36"
::1 - - [27/Jan/2021:21:45:01 +0000] "GET /stylesheets/style.css HTTP/1.1" 304 - "http://localhost:3000/wiki/add" "Mozilla/5.0 (X11; Linux x86_64) AppleWebKit/537.36 (KHTML, like Gecko) Chrome/87.0.4280.141 Safari/537.36"
::1 - - [27/Jan/2021:21:45:03 +0000] "GET / HTTP/1.1" 304 - "http://localhost:3000/wiki/add" "Mozilla/5.0 (X11; Linux x86_64) AppleWebKit/537.36 (KHTML, like Gecko) Chrome/87.0.4280.141 Safari/537.36"
::1 - - [27/Jan/2021:21:45:03 +0000] "GET /stylesheets/style.css HTTP/1.1" 304 - "http://localhost:3000/" "Mozilla/5.0 (X11; Linux x86_64) AppleWebKit/537.36 (KHTML, like Gecko) Chrome/87.0.4280.141 Safari/537.36"
::1 - - [27/Jan/2021:21:45:04 +0000] "GET /wiki/Oktubre HTTP/1.1" 304 - "http://localhost:3000/" "Mozilla/5.0 (X11; Linux x86_64) AppleWebKit/537.36 (KHTML, like Gecko) Chrome/87.0.4280.141 Safari/537.36"
::1 - - [27/Jan/2021:21:45:04 +0000] "GET /stylesheets/style.css HTTP/1.1" 304 - "http://localhost:3000/wiki/Oktubre" "Mozilla/5.0 (X11; Linux x86_64) AppleWebKit/537.36 (KHTML, like Gecko) Chrome/87.0.4280.141 Safari/537.36"
::1 - - [27/Jan/2021:21:45:05 +0000] "GET /users HTTP/1.1" 304 - "http://localhost:3000/wiki/Oktubre" "Mozilla/5.0 (X11; Linux x86_64) AppleWebKit/537.36 (KHTML, like Gecko) Chrome/87.0.4280.141 Safari/537.36"
::1 - - [27/Jan/2021:21:45:05 +0000] "GET /stylesheets/style.css HTTP/1.1" 304 - "http://localhost:3000/users" "Mozilla/5.0 (X11; Linux x86_64) AppleWebKit/537.36 (KHTML, like Gecko) Chrome/87.0.4280.141 Safari/537.36"
::1 - - [27/Jan/2021:21:45:43 +0000] "GET /users/1 HTTP/1.1" 304 - "http://localhost:3000/users" "Mozilla/5.0 (X11; Linux x86_64) AppleWebKit/537.36 (KHTML, like Gecko) Chrome/87.0.4280.141 Safari/537.36"
::1 - - [27/Jan/2021:21:45:43 +0000] "GET /stylesheets/style.css HTTP/1.1" 304 - "http://localhost:3000/users/1" "Mozilla/5.0 (X11; Linux x86_64) AppleWebKit/537.36 (KHTML, like Gecko) Chrome/87.0.4280.141 Safari/537.36"
::1 - - [27/Jan/2021:21:45:59 +0000] "GET /users HTTP/1.1" 304 - "http://localhost:3000/users/1" "Mozilla/5.0 (X11; Linux x86_64) AppleWebKit/537.36 (KHTML, like Gecko) Chrome/87.0.4280.141 Safari/537.36"
::1 - - [27/Jan/2021:21:45:59 +0000] "GET /stylesheets/style.css HTTP/1.1" 304 - "http://localhost:3000/users" "Mozilla/5.0 (X11; Linux x86_64) AppleWebKit/537.36 (KHTML, like Gecko) Chrome/87.0.4280.141 Safari/537.36"
::1 - - [27/Jan/2021:21:46:32 +0000] "GET /wiki/add HTTP/1.1" 304 - "http://localhost:3000/users" "Mozilla/5.0 (X11; Linux x86_64) AppleWebKit/537.36 (KHTML, like Gecko) Chrome/87.0.4280.141 Safari/537.36"
::1 - - [27/Jan/2021:21:46:32 +0000] "GET /stylesheets/style.css HTTP/1.1" 304 - "http://localhost:3000/wiki/add" "Mozilla/5.0 (X11; Linux x86_64) AppleWebKit/537.36 (KHTML, like Gecko) Chrome/87.0.4280.141 Safari/537.36"
::1 - - [27/Jan/2021:21:46:35 +0000] "GET / HTTP/1.1" 304 - "http://localhost:3000/wiki/add" "Mozilla/5.0 (X11; Linux x86_64) AppleWebKit/537.36 (KHTML, like Gecko) Chrome/87.0.4280.141 Safari/537.36"
::1 - - [27/Jan/2021:21:46:35 +0000] "GET /stylesheets/style.css HTTP/1.1" 304 - "http://localhost:3000/" "Mozilla/5.0 (X11; Linux x86_64) AppleWebKit/537.36 (KHTML, like Gecko) Chrome/87.0.4280.141 Safari/537.36"
::1 - - [27/Jan/2021:21:46:36 +0000] "GET /wiki/add HTTP/1.1" 304 - "http://localhost:3000/" "Mozilla/5.0 (X11; Linux x86_64) AppleWebKit/537.36 (KHTML, like Gecko) Chrome/87.0.4280.141 Safari/537.36"
::1 - - [27/Jan/2021:21:46:36 +0000] "GET /stylesheets/style.css HTTP/1.1" 304 - "http://localhost:3000/wiki/add" "Mozilla/5.0 (X11; Linux x86_64) AppleWebKit/537.36 (KHTML, like Gecko) Chrome/87.0.4280.141 Safari/537.36"
::1 - - [27/Jan/2021:21:46:38 +0000] "GET /users HTTP/1.1" 304 - "http://localhost:3000/wiki/add" "Mozilla/5.0 (X11; Linux x86_64) AppleWebKit/537.36 (KHTML, like Gecko) Chrome/87.0.4280.141 Safari/537.36"
::1 - - [27/Jan/2021:21:46:38 +0000] "GET /stylesheets/style.css HTTP/1.1" 304 - "http://localhost:3000/users" "Mozilla/5.0 (X11; Linux x86_64) AppleWebKit/537.36 (KHTML, like Gecko) Chrome/87.0.4280.141 Safari/537.36"
::1 - - [27/Jan/2021:21:46:41 +0000] "GET /users/1 HTTP/1.1" 304 - "http://localhost:3000/users" "Mozilla/5.0 (X11; Linux x86_64) AppleWebKit/537.36 (KHTML, like Gecko) Chrome/87.0.4280.141 Safari/537.36"
::1 - - [27/Jan/2021:21:46:41 +0000] "GET /stylesheets/style.css HTTP/1.1" 304 - "http://localhost:3000/users/1" "Mozilla/5.0 (X11; Linux x86_64) AppleWebKit/537.36 (KHTML, like Gecko) Chrome/87.0.4280.141 Safari/537.36"
::1 - - [27/Jan/2021:21:48:03 +0000] "GET /users/1 HTTP/1.1" 304 - "http://localhost:3000/users" "Mozilla/5.0 (X11; Linux x86_64) AppleWebKit/537.36 (KHTML, like Gecko) Chrome/87.0.4280.141 Safari/537.36"
::1 - - [27/Jan/2021:21:48:03 +0000] "GET /stylesheets/style.css HTTP/1.1" 304 - "http://localhost:3000/users/1" "Mozilla/5.0 (X11; Linux x86_64) AppleWebKit/537.36 (KHTML, like Gecko) Chrome/87.0.4280.141 Safari/537.36"
::1 - - [27/Jan/2021:21:49:22 +0000] "GET /users/1 HTTP/1.1" 304 - "http://localhost:3000/users" "Mozilla/5.0 (X11; Linux x86_64) AppleWebKit/537.36 (KHTML, like Gecko) Chrome/87.0.4280.141 Safari/537.36"
::1 - - [27/Jan/2021:21:49:22 +0000] "GET /stylesheets/style.css HTTP/1.1" 304 - "http://localhost:3000/users/1" "Mozilla/5.0 (X11; Linux x86_64) AppleWebKit/537.36 (KHTML, like Gecko) Chrome/87.0.4280.141 Safari/537.36"
::1 - - [27/Jan/2021:21:49:52 +0000] "GET /users HTTP/1.1" 304 - "http://localhost:3000/users/1" "Mozilla/5.0 (X11; Linux x86_64) AppleWebKit/537.36 (KHTML, like Gecko) Chrome/87.0.4280.141 Safari/537.36"
::1 - - [27/Jan/2021:21:49:53 +0000] "GET /stylesheets/style.css HTTP/1.1" 304 - "http://localhost:3000/users" "Mozilla/5.0 (X11; Linux x86_64) AppleWebKit/537.36 (KHTML, like Gecko) Chrome/87.0.4280.141 Safari/537.36"
::1 - - [27/Jan/2021:21:49:56 +0000] "GET /users HTTP/1.1" 304 - "http://localhost:3000/users" "Mozilla/5.0 (X11; Linux x86_64) AppleWebKit/537.36 (KHTML, like Gecko) Chrome/87.0.4280.141 Safari/537.36"
::1 - - [27/Jan/2021:21:49:56 +0000] "GET /stylesheets/style.css HTTP/1.1" 304 - "http://localhost:3000/users" "Mozilla/5.0 (X11; Linux x86_64) AppleWebKit/537.36 (KHTML, like Gecko) Chrome/87.0.4280.141 Safari/537.36"
::1 - - [27/Jan/2021:21:50:03 +0000] "GET / HTTP/1.1" 304 - "http://localhost:3000/users" "Mozilla/5.0 (X11; Linux x86_64) AppleWebKit/537.36 (KHTML, like Gecko) Chrome/87.0.4280.141 Safari/537.36"
::1 - - [27/Jan/2021:21:50:03 +0000] "GET /stylesheets/style.css HTTP/1.1" 304 - "http://localhost:3000/" "Mozilla/5.0 (X11; Linux x86_64) AppleWebKit/537.36 (KHTML, like Gecko) Chrome/87.0.4280.141 Safari/537.36"
::1 - - [27/Jan/2021:21:50:05 +0000] "GET /wiki/Oktubre HTTP/1.1" 304 - "http://localhost:3000/" "Mozilla/5.0 (X11; Linux x86_64) AppleWebKit/537.36 (KHTML, like Gecko) Chrome/87.0.4280.141 Safari/537.36"
::1 - - [27/Jan/2021:21:50:05 +0000] "GET /stylesheets/style.css HTTP/1.1" 304 - "http://localhost:3000/wiki/Oktubre" "Mozilla/5.0 (X11; Linux x86_64) AppleWebKit/537.36 (KHTML, like Gecko) Chrome/87.0.4280.141 Safari/537.36"
::1 - - [27/Jan/2021:21:50:09 +0000] "GET / HTTP/1.1" 304 - "http://localhost:3000/wiki/Oktubre" "Mozilla/5.0 (X11; Linux x86_64) AppleWebKit/537.36 (KHTML, like Gecko) Chrome/87.0.4280.141 Safari/537.36"
::1 - - [27/Jan/2021:21:50:09 +0000] "GET /stylesheets/style.css HTTP/1.1" 304 - "http://localhost:3000/" "Mozilla/5.0 (X11; Linux x86_64) AppleWebKit/537.36 (KHTML, like Gecko) Chrome/87.0.4280.141 Safari/537.36"
::1 - - [27/Jan/2021:21:50:42 +0000] "GET /users HTTP/1.1" 304 - "http://localhost:3000/" "Mozilla/5.0 (X11; Linux x86_64) AppleWebKit/537.36 (KHTML, like Gecko) Chrome/87.0.4280.141 Safari/537.36"
::1 - - [27/Jan/2021:21:50:42 +0000] "GET /stylesheets/style.css HTTP/1.1" 304 - "http://localhost:3000/users" "Mozilla/5.0 (X11; Linux x86_64) AppleWebKit/537.36 (KHTML, like Gecko) Chrome/87.0.4280.141 Safari/537.36"
::1 - - [27/Jan/2021:21:50:43 +0000] "GET /users/1 HTTP/1.1" 200 1691 "http://localhost:3000/users" "Mozilla/5.0 (X11; Linux x86_64) AppleWebKit/537.36 (KHTML, like Gecko) Chrome/87.0.4280.141 Safari/537.36"
::1 - - [27/Jan/2021:21:50:43 +0000] "GET /stylesheets/style.css HTTP/1.1" 304 - "http://localhost:3000/users/1" "Mozilla/5.0 (X11; Linux x86_64) AppleWebKit/537.36 (KHTML, like Gecko) Chrome/87.0.4280.141 Safari/537.36"
::1 - - [27/Jan/2021:21:50:45 +0000] "GET /wiki/Oktubre HTTP/1.1" 304 - "http://localhost:3000/users/1" "Mozilla/5.0 (X11; Linux x86_64) AppleWebKit/537.36 (KHTML, like Gecko) Chrome/87.0.4280.141 Safari/537.36"
::1 - - [27/Jan/2021:21:50:45 +0000] "GET /stylesheets/style.css HTTP/1.1" 304 - "http://localhost:3000/wiki/Oktubre" "Mozilla/5.0 (X11; Linux x86_64) AppleWebKit/537.36 (KHTML, like Gecko) Chrome/87.0.4280.141 Safari/537.36"
::1 - - [27/Jan/2021:21:50:52 +0000] "GET / HTTP/1.1" 304 - "http://localhost:3000/wiki/Oktubre" "Mozilla/5.0 (X11; Linux x86_64) AppleWebKit/537.36 (KHTML, like Gecko) Chrome/87.0.4280.141 Safari/537.36"
::1 - - [27/Jan/2021:21:50:52 +0000] "GET /stylesheets/style.css HTTP/1.1" 304 - "http://localhost:3000/" "Mozilla/5.0 (X11; Linux x86_64) AppleWebKit/537.36 (KHTML, like Gecko) Chrome/87.0.4280.141 Safari/537.36"
::1 - - [27/Jan/2021:21:50:54 +0000] "GET /users HTTP/1.1" 304 - "http://localhost:3000/" "Mozilla/5.0 (X11; Linux x86_64) AppleWebKit/537.36 (KHTML, like Gecko) Chrome/87.0.4280.141 Safari/537.36"
::1 - - [27/Jan/2021:21:50:54 +0000] "GET /stylesheets/style.css HTTP/1.1" 304 - "http://localhost:3000/users" "Mozilla/5.0 (X11; Linux x86_64) AppleWebKit/537.36 (KHTML, like Gecko) Chrome/87.0.4280.141 Safari/537.36"
::1 - - [27/Jan/2021:21:50:55 +0000] "GET /users/1 HTTP/1.1" 304 - "http://localhost:3000/users" "Mozilla/5.0 (X11; Linux x86_64) AppleWebKit/537.36 (KHTML, like Gecko) Chrome/87.0.4280.141 Safari/537.36"
::1 - - [27/Jan/2021:21:50:55 +0000] "GET /stylesheets/style.css HTTP/1.1" 304 - "http://localhost:3000/users/1" "Mozilla/5.0 (X11; Linux x86_64) AppleWebKit/537.36 (KHTML, like Gecko) Chrome/87.0.4280.141 Safari/537.36"
::1 - - [27/Jan/2021:21:51:02 +0000] "GET /users HTTP/1.1" 304 - "http://localhost:3000/users/1" "Mozilla/5.0 (X11; Linux x86_64) AppleWebKit/537.36 (KHTML, like Gecko) Chrome/87.0.4280.141 Safari/537.36"
::1 - - [27/Jan/2021:21:51:02 +0000] "GET /stylesheets/style.css HTTP/1.1" 304 - "http://localhost:3000/users" "Mozilla/5.0 (X11; Linux x86_64) AppleWebKit/537.36 (KHTML, like Gecko) Chrome/87.0.4280.141 Safari/537.36"
::1 - - [27/Jan/2021:21:51:04 +0000] "GET /wiki/add HTTP/1.1" 304 - "http://localhost:3000/users" "Mozilla/5.0 (X11; Linux x86_64) AppleWebKit/537.36 (KHTML, like Gecko) Chrome/87.0.4280.141 Safari/537.36"
::1 - - [27/Jan/2021:21:51:04 +0000] "GET /stylesheets/style.css HTTP/1.1" 304 - "http://localhost:3000/wiki/add" "Mozilla/5.0 (X11; Linux x86_64) AppleWebKit/537.36 (KHTML, like Gecko) Chrome/87.0.4280.141 Safari/537.36"
::1 - - [27/Jan/2021:21:51:05 +0000] "GET /wiki/add HTTP/1.1" 304 - "http://localhost:3000/wiki/add" "Mozilla/5.0 (X11; Linux x86_64) AppleWebKit/537.36 (KHTML, like Gecko) Chrome/87.0.4280.141 Safari/537.36"
::1 - - [27/Jan/2021:21:51:05 +0000] "GET /stylesheets/style.css HTTP/1.1" 304 - "http://localhost:3000/wiki/add" "Mozilla/5.0 (X11; Linux x86_64) AppleWebKit/537.36 (KHTML, like Gecko) Chrome/87.0.4280.141 Safari/537.36"
::1 - - [27/Jan/2021:21:51:50 +0000] "POST /wiki HTTP/1.1" 302 82 "http://localhost:3000/wiki/add" "Mozilla/5.0 (X11; Linux x86_64) AppleWebKit/537.36 (KHTML, like Gecko) Chrome/87.0.4280.141 Safari/537.36"
::1 - - [27/Jan/2021:21:51:50 +0000] "GET /wiki/otro_articulo HTTP/1.1" 200 2045 "http://localhost:3000/wiki/add" "Mozilla/5.0 (X11; Linux x86_64) AppleWebKit/537.36 (KHTML, like Gecko) Chrome/87.0.4280.141 Safari/537.36"
::1 - - [27/Jan/2021:21:51:51 +0000] "GET /stylesheets/style.css HTTP/1.1" 304 - "http://localhost:3000/wiki/otro_articulo" "Mozilla/5.0 (X11; Linux x86_64) AppleWebKit/537.36 (KHTML, like Gecko) Chrome/87.0.4280.141 Safari/537.36"
::1 - - [27/Jan/2021:21:51:53 +0000] "GET /users HTTP/1.1" 304 - "http://localhost:3000/wiki/otro_articulo" "Mozilla/5.0 (X11; Linux x86_64) AppleWebKit/537.36 (KHTML, like Gecko) Chrome/87.0.4280.141 Safari/537.36"
::1 - - [27/Jan/2021:21:51:53 +0000] "GET /stylesheets/style.css HTTP/1.1" 304 - "http://localhost:3000/users" "Mozilla/5.0 (X11; Linux x86_64) AppleWebKit/537.36 (KHTML, like Gecko) Chrome/87.0.4280.141 Safari/537.36"
::1 - - [27/Jan/2021:21:51:54 +0000] "GET /users/1 HTTP/1.1" 200 1763 "http://localhost:3000/users" "Mozilla/5.0 (X11; Linux x86_64) AppleWebKit/537.36 (KHTML, like Gecko) Chrome/87.0.4280.141 Safari/537.36"
::1 - - [27/Jan/2021:21:51:54 +0000] "GET /stylesheets/style.css HTTP/1.1" 304 - "http://localhost:3000/users/1" "Mozilla/5.0 (X11; Linux x86_64) AppleWebKit/537.36 (KHTML, like Gecko) Chrome/87.0.4280.141 Safari/537.36"
::1 - - [27/Jan/2021:21:51:56 +0000] "GET /wiki/otro_articulo HTTP/1.1" 304 - "http://localhost:3000/users/1" "Mozilla/5.0 (X11; Linux x86_64) AppleWebKit/537.36 (KHTML, like Gecko) Chrome/87.0.4280.141 Safari/537.36"
::1 - - [27/Jan/2021:21:51:56 +0000] "GET /stylesheets/style.css HTTP/1.1" 304 - "http://localhost:3000/wiki/otro_articulo" "Mozilla/5.0 (X11; Linux x86_64) AppleWebKit/537.36 (KHTML, like Gecko) Chrome/87.0.4280.141 Safari/537.36"
::1 - - [27/Jan/2021:21:51:57 +0000] "GET /wiki/Oktubre HTTP/1.1" 304 - "http://localhost:3000/users/1" "Mozilla/5.0 (X11; Linux x86_64) AppleWebKit/537.36 (KHTML, like Gecko) Chrome/87.0.4280.141 Safari/537.36"
::1 - - [27/Jan/2021:21:51:57 +0000] "GET /stylesheets/style.css HTTP/1.1" 304 - "http://localhost:3000/wiki/Oktubre" "Mozilla/5.0 (X11; Linux x86_64) AppleWebKit/537.36 (KHTML, like Gecko) Chrome/87.0.4280.141 Safari/537.36"
::1 - - [27/Jan/2021:21:52:00 +0000] "GET /users HTTP/1.1" 304 - "http://localhost:3000/users/1" "Mozilla/5.0 (X11; Linux x86_64) AppleWebKit/537.36 (KHTML, like Gecko) Chrome/87.0.4280.141 Safari/537.36"
::1 - - [27/Jan/2021:21:52:00 +0000] "GET /stylesheets/style.css HTTP/1.1" 304 - "http://localhost:3000/users" "Mozilla/5.0 (X11; Linux x86_64) AppleWebKit/537.36 (KHTML, like Gecko) Chrome/87.0.4280.141 Safari/537.36"
::1 - - [27/Jan/2021:21:52:01 +0000] "GET /wiki/ HTTP/1.1" 302 46 "http://localhost:3000/users" "Mozilla/5.0 (X11; Linux x86_64) AppleWebKit/537.36 (KHTML, like Gecko) Chrome/87.0.4280.141 Safari/537.36"
::1 - - [27/Jan/2021:21:52:01 +0000] "GET / HTTP/1.1" 200 1763 "http://localhost:3000/users" "Mozilla/5.0 (X11; Linux x86_64) AppleWebKit/537.36 (KHTML, like Gecko) Chrome/87.0.4280.141 Safari/537.36"
::1 - - [27/Jan/2021:21:52:01 +0000] "GET /stylesheets/style.css HTTP/1.1" 304 - "http://localhost:3000/" "Mozilla/5.0 (X11; Linux x86_64) AppleWebKit/537.36 (KHTML, like Gecko) Chrome/87.0.4280.141 Safari/537.36"
::1 - - [27/Jan/2021:21:52:03 +0000] "GET / HTTP/1.1" 304 - "http://localhost:3000/" "Mozilla/5.0 (X11; Linux x86_64) AppleWebKit/537.36 (KHTML, like Gecko) Chrome/87.0.4280.141 Safari/537.36"
::1 - - [27/Jan/2021:21:52:03 +0000] "GET /stylesheets/style.css HTTP/1.1" 304 - "http://localhost:3000/" "Mozilla/5.0 (X11; Linux x86_64) AppleWebKit/537.36 (KHTML, like Gecko) Chrome/87.0.4280.141 Safari/537.36"
::1 - - [27/Jan/2021:21:52:04 +0000] "GET /wiki/Oktubre HTTP/1.1" 304 - "http://localhost:3000/" "Mozilla/5.0 (X11; Linux x86_64) AppleWebKit/537.36 (KHTML, like Gecko) Chrome/87.0.4280.141 Safari/537.36"
::1 - - [27/Jan/2021:21:52:05 +0000] "GET /stylesheets/style.css HTTP/1.1" 304 - "http://localhost:3000/wiki/Oktubre" "Mozilla/5.0 (X11; Linux x86_64) AppleWebKit/537.36 (KHTML, like Gecko) Chrome/87.0.4280.141 Safari/537.36"
::1 - - [27/Jan/2021:21:52:06 +0000] "GET /wiki/add HTTP/1.1" 304 - "http://localhost:3000/wiki/Oktubre" "Mozilla/5.0 (X11; Linux x86_64) AppleWebKit/537.36 (KHTML, like Gecko) Chrome/87.0.4280.141 Safari/537.36"
::1 - - [27/Jan/2021:21:52:06 +0000] "GET /stylesheets/style.css HTTP/1.1" 304 - "http://localhost:3000/wiki/add" "Mozilla/5.0 (X11; Linux x86_64) AppleWebKit/537.36 (KHTML, like Gecko) Chrome/87.0.4280.141 Safari/537.36"
::1 - - [27/Jan/2021:21:52:07 +0000] "GET /users HTTP/1.1" 304 - "http://localhost:3000/wiki/add" "Mozilla/5.0 (X11; Linux x86_64) AppleWebKit/537.36 (KHTML, like Gecko) Chrome/87.0.4280.141 Safari/537.36"
::1 - - [27/Jan/2021:21:52:07 +0000] "GET /stylesheets/style.css HTTP/1.1" 304 - "http://localhost:3000/users" "Mozilla/5.0 (X11; Linux x86_64) AppleWebKit/537.36 (KHTML, like Gecko) Chrome/87.0.4280.141 Safari/537.36"
